25 0 4825 3808 3112 7909 6283 404 6860 5196 4819 6280 780 3382 7544 9190 8587 2492 6187 170 8903 8932 9405 8611 287 5347 
25 1612 9604 6433 1082 2684 4914 9869 2657 4859 9617 1857 1043 8374 3672 7064 3653 7796 8465 8604 6576 7065 691 9396 8022 891 
25 5150 6827 8036 8428 8458 1970 1528 8410 1032 1637 9815 4385 4177 3769 7749 3243 8929 8008 8081 2378 9586 2481 7713 388 1735 
25 8738 4950 6165 8240 3252 2299 2082 2090 3211 1131 3154 8473 6830 4050 9602 1162 4634 3107 5673 1527 573 8205 219 6035 7472 
24 2064 2953 4404 355 180 7824 2656 7561 4657 1058 3225 4002 3562 9949 2532 5104 9544 5705 6680 6635 4411 9720 1610 3401 
25 1759 9548 2491 6847 5788 598 6984 1410 6288 675 8065 8851 3398 7030 6752 8838 1427 3355 795 9524 8078 736 8877 2670 4417 
24 7222 7059 256 2638 2897 5235 2666 8385 6151 9108 9694 2526 2227 709 1296 8523 8214 6402 5708 5619 6619 663 8809 606 
25 232 9794 3619 871 5633 1137 5307 1453 1497 2349 2231 7626 1629 1030 4165 2745 5754 2414 4254 2119 6058 3690 2692 7977 8307 
25 6986 3178 732 2660 2708 8184 225 1415 738 7232 5977 8111 1942 5014 2695 8661 1662 9194 7998 1994 7950 5575 152 963 1230 
24 7784 6214 2516 3075 5599 5285 7251 1798 3900 7676 996 8788 6391 7702 4308 575 208 5716 1070 6051 1808 1898 6730 2575 
25 4619 2712 5077 1364 8175 1337 7877 4828 3581 4394 6692 9829 1840 1496 7351 3273 9890 1670 5169 1035 5484 7272 4763 7667 1238 
25 5299 275 7144 7196 4373 9808 1053 3962 6305 7283 8151 9199 9084 6295 5982 5287 5537 1344 8096 5891 5328 2313 128 3857 6894 
24 99 2294 9432 1250 6690 1851 9041 458 1858 2194 9321 3443 3559 7486 8543 716 217 2828 6515 1609 1936 2628 4397 7890 
25 7830 5372 605 1183 2966 5946 4704 6252 7777 1736 9518 2700 1922 1600 8741 997 7866 591 3316 6589 5925 6946 7979 5874 5755 
24 641 8492 2724 1959 1324 1056 8271 9025 9804 8918 4020 137 2281 4925 2153 210 5231 3277 914 8967 4343 4861 797 9095 
24 3238 9821 2788 77 5336 2564 5094 1992 3884 3783 6981 1319 9033 2509 8199 2775 491 1048 727 9847 5457 9943 5479 3902 
25 5195 6615 8527 6850 7736 9350 5499 5201 1278 1592 184 2228 393 2264 6145 3239 5846 304 5245 420 2616 6069 2118 5737 7003 
24 1664 36 834 2142 131 7703 8933 3932 1508 2 7189 7766 930 8582 9747 9328 801 2098 4946 903 8537 2944 3782 8599 
25 6681 9326 2623 3201 2894 7423 6354 56 4612 7187 4655 2800 2049 3139 1977 723 335 7133 63 1927 3526 3315 243 2347 5477 
25 4904 7788 920 4252 5620 8101 2954 1118 5366 5271 9721 9007 6363 2908 2121 1504 6898 2649 2140 4335 6671 4979 8272 2318 8899 
25 5396 9449 3484 673 7379 2043 2364 9501 7413 9266 3218 4816 7343 863 4053 4096 8957 9225 1226 7099 6781 2985 8462 4487 1265 
24 9333 7917 649 2540 8703 8191 473 7145 1836 9769 8403 6872 4381 8623 3721 2494 6675 9835 9725 9335 2406 2498 6737 6173 
24 7383 7885 1993 6504 5039 4209 2618 1905 517 7580 9268 1894 1311 300 1707 9086 3457 5414 2480 9332 864 2136 7051 5186 
25 1485 8042 2413 755 6097 7304 3810 5890 9749 880 8382 6726 949 9782 8436 9945 2748 2270 4395 2282 5801 8490 7802 1237 2066 
25 2023 5236 910 8478 3411 635 656 3081 2644 7088 9795 2374 366 7095 5438 6072 7052 3307 1515 2514 3418 315 3247 1547 1228 
24 5064 412 9237 626 3453 7782 6913 3454 6927 2751 8642 5442 493 2614 7592 608 2208 2016 8066 5388 9603 8892 8468 6200 
25 3477 3474 8856 5369 2027 31 2475 7554 5691 4024 7958 2537 8634 4915 7255 4688 5847 3469 348 1577 6435 5715 1018 1169 6921 
24 2615 3872 2990 5291 9631 5275 2699 8225 4368 1982 3522 764 2673 1473 2942 8 1244 2232 2795 1289 2728 5907 7381 7952 
25 9340 3531 1510 1276 9653 1531 532 6696 7712 2736 2824 5156 8056 9797 6482 9087 9614 8104 1175 1436 1389 2394 3322 6583 6517 
24 1915 9812 16 3538 5015 1340 5393 9729 888 3571 2994 2085 409 4757 6712 2110 8044 8017 9127 1119 937 1995 9385 1152 
25 7101 9403 9987 3968 7037 3177 2873 8432 7221 7531 2038 1726 7023 5872 8018 847 3738 6465 9606 1126 8778 7862 7632 4676 6893 
25 6672 6926 390 4740 4790 6352 3421 4934 868 4555 7744 7798 1444 5492 3575 9550 9746 9816 6660 2002 5351 2892 5518 5750 8937 
25 4174 2677 7309 623 5128 9803 3612 1263 5888 318 2611 8164 9844 5780 9976 1199 2218 6892 2629 8346 6188 6542 79 8292 9695 
24 8743 176 4903 4514 9341 7912 3943 919 9805 3953 8770 2022 9216 2977 1956 7737 1325 4116 7498 6136 8733 4431 8327 6317 
24 8275 6771 426 223 9732 4118 5917 5410 6603 4439 5618 2707 9736 7918 1161 6578 9580 224 5818 8938 4358 5958 7171 508 
25 9056 5913 7645 2403 7900 8510 4213 4846 7239 3948 560 6154 9304 7150 3906 2608 2116 4303 855 8219 2018 230 1842 3427 3683 
25 9445 1729 7966 6933 3174 5824 2832 6267 5212 3866 8105 5214 1981 2320 1285 3730 351 2187 2803 7641 9995 5159 1947 8085 2679 
24 5161 7941 5688 2407 6851 1590 6871 6881 6462 4840 7496 6629 3678 8329 7683 2277 4266 6140 7928 2236 9448 9096 2511 1700 
25 2701 6458 4778 5107 1367 7873 1028 7893 2089 9828 7002 7289 693 6292 1290 6605 5133 3287 1659 1036 3617 8614 9735 3110 8405 
25 295 4474 1102 6244 542 8765 733 3041 3930 4724 7657 8990 1046 6967 9626 3310 4873 7169 142 2635 7720 4489 5304 2839 6347 
24 4097 2721 1643 1498 8978 9806 4721 5955 7245 8139 5099 7726 9488 9037 989 5922 5042 6839 3788 7969 2275 15 3764 4552 
25 7365 7257 6343 5666 8513 3295 2497 9621 1996 8798 9814 4376 5859 9360 1023 4649 4039 6333 1098 4659 570 55 1667 2835 1853 
24 2487 617 548 4115 4786 8790 7618 1353 434 1593 1950 5483 5814 1679 9717 2003 4587 1738 6152 3471 2678 3160 4529 843 
25 785 7814 6167 8821 2790 1347 4675 1232 9408 7623 6161 3893 741 8972 5903 1516 1845 5965 1006 4224 4296 7656 4524 7939 762 
24 853 4208 4986 76 6293 601 1844 1635 1111 2149 6201 1831 6000 8996 1051 5933 4147 2256 1138 4059 1762 3121 3313 5609 
24 8270 5182 2028 4183 2483 442 4609 4483 1815 2478 1107 5713 6490 298 5906 3870 5409 5883 5460 4990 6415 6668 597 2747 
24 3958 3449 3865 5746 3438 900 8702 4444 842 2882 6914 2729 4149 1812 2115 7332 8916 1820 4604 1537 1946 2759 1892 3070 
25 9377 1283 1483 9929 7904 7833 1940 6880 1566 2354 5334 244 8155 7325 533 9634 3115 111 6580 2482 9426 1001 2547 9477 8140 
24 7331 7157 3063 1085 5176 4034 9811 6099 7975 639 1548 9047 400 1437 826 8921 9559 6240 9480 3094 5052 7954 7036 5804 
24 8619 1895 3240 8729 5592 9529 9130 1786 7490 7316 5262 3580 5246 9210 5279 4830 819 7732 9652 4255 8221 7396 281 8652 
25 771 2020 138 7739 2169 2109 7421 7846 1359 8789 8705 7514 7815 375 8194 9280 7349 2704 1315 8186 1722 2591 5446 7840 8289 
25 2716 6634 2705 4356 4023 636 2367 7888 5277 4888 4692 8710 7524 8237 2552 1618 6797 7519 6656 6844 539 1901 1800 8853 1552 
25 5165 1472 4227 866 1579 2168 3707 6309 9723 2339 1681 2266 4998 1666 8562 3918 596 1229 8581 5106 2188 2303 273 9975 7792 
24 6621 6177 5402 9076 5762 5101 6392 2388 4664 6132 876 2863 8552 9381 5332 905 612 8961 2327 7291 5242 3001 665 512 
24 213 6370 8176 5817 8434 9702 3236 9133 3030 140 5319 4691 9845 9104 6326 8283 1727 763 174 3508 3626 166 4223 5422 
24 7200 9971 9706 5806 6763 4230 1792 8832 48 8772 3805 6841 1534 4596 1524 9564 3228 183 5827 5317 3343 3342 6791 1434 
25 2760 1397 8256 2457 6037 969 1649 5197 2365 332 1794 9894 6271 8259 8472 7704 5600 8217 3766 6596 1690 7687 3387 6873 201 
24 1716 3523 3358 8342 9379 9530 7964 1031 3496 2743 3376 6756 2128 757 1925 4217 6708 5120 4960 6245 5496 2092 2326 425 
25 2969 8116 1376 1572 714 3186 6446 9748 613 3066 6529 6683 3021 9778 676 954 2361 580 1598 7805 9125 1420 8740 1573 531 
25 2546 1688 2449 9639 9871 9629 7025 6954 3046 9707 5663 6249 5628 5868 4276 647 2602 4298 2087 6825 3685 8635 4345 2931 490 
25 8055 1419 1597 7388 8779 4852 4173 4503 9487 4737 7315 9526 677 786 6406 9950 3709 6725 1624 3645 6807 1887 6002 6641 2377 
24 2006 5421 9683 9184 8824 2630 6180 3691 3602 314 1596 5749 3199 1505 7709 2709 288 6082 7194 1168 6042 6793 8507 9751 
24 9458 8481 494 3641 2210 6616 4693 7443 5429 5605 9296 7988 1645 2389 7097 1893 7369 1696 4544 8466 2440 8656 5987 7475 
24 8427 4111 8836 9958 5256 4235 8169 4299 3923 7955 3941 6203 9608 9897 1757 4423 6005 860 6546 272 1288 3785 6896 2765 
24 2158 1251 9519 2959 7285 1443 5816 9311 696 3250 9968 8897 1737 6329 2562 5626 3673 7242 4285 260 5012 2735 218 4584 
25 4807 69 4135 9681 6001 5798 234 9401 7303 2059 5843 4703 768 2900 1248 5230 9903 222 3073 7933 765 1331 6463 2771 2130 
24 4833 7869 1356 2132 3533 8818 4582 3312 3517 89 7327 9103 3689 7564 8384 6773 3818 9470 6119 3754 7199 7488 8233 4938 
25 2525 5076 513 467 9391 6113 585 5433 4850 6302 2355 6134 6779 8179 5001 7046 5119 2703 9140 3684 7711 5873 147 8158 507 
24 9972 6561 4685 2416 1523 6788 1774 3069 1663 1998 8370 6767 4152 3596 1186 1084 5249 3056 4733 6013 359 8414 4424 8935 
24 6438 1125 3367 6259 2297 8669 2766 5508 710 8835 1442 7117 7463 6869 6197 4075 2778 7675 1766 2161 6667 874 7060 9925 
24 9070 4620 9857 664 5152 2420 433 6033 7740 758 982 2234 8919 6549 6574 8380 6738 1211 6915 456 9908 5506 1316 8368 
24 1471 264 9049 2040 541 4108 1005 5519 1962 2260 1371 3765 6246 2421 6899 614 9245 1860 5516 1677 1945 7809 9907 9587 
24 212 7125 2223 9745 3859 2455 5167 1835 1822 2301 8009 9066 5733 3594 682 2720 364 2624 646 1153 6351 1655 4725 4378 
24 4847 9042 2250 1195 2472 4768 730 9931 110 4863 5645 9967 9951 721 2809 3175 1728 934 1382 3292 9655 3920 2000 502 
25 5130 5502 3129 1459 8595 706 4952 2949 1037 8074 2997 4557 6303 9349 5703 4500 3658 3708 595 103 7120 5844 3025 3185 1124 
24 6541 2519 8365 3486 8914 7507 6053 1928 411 674 4093 2938 9843 2488 8745 828 5002 4814 6339 2437 2943 4315 4466 2850 
25 8879 7446 2868 838 7665 8443 9658 265 1558 8182 6945 2358 1724 4460 7942 1078 6281 4146 4900 8301 2107 846 1963 9223 4622 
25 5594 9962 9260 719 7134 1341 6650 774 9270 2974 1458 849 6848 8303 6236 8261 6780 7011 5380 8032 1743 6094 2639 2083 9150 
25 4113 6804 323 6626 3163 2054 1541 8401 3350 6235 2911 384 2663 338 3710 7 6979 2212 5364 5784 2609 4344 4416 9664 96 
25 1652 3512 1972 499 3666 6866 2324 2696 965 101 9713 6713 5146 2184 2987 6749 5248 3569 6356 7989 5909 3824 8284 8629 9699 
24 1406 26 9117 8484 7579 4774 9281 6676 341 988 9200 3753 1669 7086 5005 2916 1604 7452 1595 3757 8019 7067 2973 8053 
24 5831 7898 9677 3379 1988 7426 9764 1665 976 2940 2127 9267 3262 9014 6147 2772 2485 915 3864 4568 2039 1568 8690 3283 
24 2206 2176 1115 486 4611 6100 5108 7725 1334 5040 5444 6398 1966 5856 7734 9093 4756 8071 9744 7007 1066 980 112 3591 
24 5583 5313 952 253 9045 9542 9541 8968 8830 3539 1621 4391 1112 8377 4406 6128 3616 5475 9395 3846 6276 759 5932 191 
25 9513 1555 1249 2129 798 1917 3544 8483 377 8508 6729 2193 6206 9305 7634 196 3332 9727 2380 3978 9358 5934 4154 1147 4588 
24 2179 8804 8274 362 4996 549 9435 3542 713 7581 9527 9113 6996 5536 8931 1063 7915 4320 3018 8862 8646 3067 6130 6120 
24 3326 3276 2360 4044 5993 7923 8181 5057 4597 8553 3892 2590 1297 8681 7994 5562 242 1038 1934 1813 7987 3390 1937 4250 
25 8048 5694 9218 4475 3320 3097 2392 5680 1954 5226 7996 3415 6194 2446 1521 633 8923 7310 3048 892 7929 4150 1697 8858 867 
24 4766 7263 5950 8197 7053 8300 2603 5148 4461 2321 6316 9630 5833 7202 4951 3026 2431 7520 7218 2029 2651 7757 3995 2993 
24 5601 1076 7336 6325 1565 4586 8984 1233 7691 9246 5470 3318 8598 6451 448 3049 883 8340 7960 3842 2177 7761 1733 9312 
25 6076 2798 687 9507 3189 8736 4826 1671 2691 6199 6226 7308 4017 437 2512 6989 5417 2077 2192 9411 5430 9495 9866 9700 2310 
24 3105 4997 1544 5367 5157 2204 6630 9728 2222 1336 5980 8177 18 1055 779 5791 3210 4169 6090 2425 5096 5162 4580 3363 
25 1271 8243 8355 3706 3889 2065 5264 1460 5695 9203 9882 4206 64 1712 5420 1711 6400 2929 44 7207 9965 7543 1303 7602 6350 
24 8799 7478 2849 9040 6677 4455 9731 4091 477 9827 3308 1930 6185 6645 3442 3897 6715 6599 6687 8795 7328 8708 9371 5702 
25 7404 6311 3181 8985 558 3213 1013 8971 3132 999 7867 24 7600 9588 6289 7077 6021 4476 1902 9081 8245 4868 1889 545 8951 
24 9232 9911 8786 3002 5660 7075 198 7429 1298 6719 1368 9536 6353 247 2534 6976 4332 9613 1180 7799 781 3431 5822 7897 
24 6916 8249 8526 4848 158 2535 1313 5603 2369 7350 2520 291 8653 3577 7297 3458 7774 3359 9802 644 5131 1154 6539 1764 
24 7843 9607 5342 4048 2995 6800 5945 1470 6888 1884 8711 2340 8654 6242 7469 6651 3831 767 1404 1742 5290 9235 6721 8504 
24 8842 1414 8854 5561 1391 3702 1885 3465 9359 9705 1795 2536 5194 3665 1245 5233 4390 6980 9447 1255 8605 1352 839 4745 
25 5053 8511 380 9261 2755 5761 1256 4832 9593 9364 399 7420 6498 607 9688 1973 8144 7468 2418 956 2102 5668 2430 8880 1732 
25 4187 7990 5121 748 6802 2524 5863 2846 40 3361 9393 8451 8124 6233 2523 594 2998 1094 8890 9684 3890 5032 5088 197 3563 
24 2690 5952 2084 33 911 7480 274 2304 5461 3020 1214 7836 9686 9021 5567 7156 9239 6618 6377 520 7525 2606 9204 7333 
25 6876 9643 1747 7692 6911 4205 1709 8687 8805 1424 2412 19 4429 286 5781 1849 5700 7680 8887 1611 1425 1116 1648 4540 7982 
25 1623 4572 5704 5229 1511 2555 423 8437 624 6499 1479 7968 2468 421 4295 6459 4645 4972 6835 7205 496 9657 8869 7274 1469 
25 5772 5639 7494 1879 5017 5377 1875 1234 2202 435 5270 9685 8063 9920 4256 4641 2134 5774 9667 1215 2191 9758 5093 9616 8655 
25 5699 603 1145 6395 8487 7807 2528 1680 8281 8367 6903 9668 3647 5654 121 6739 6227 7166 7085 4523 752 6282 2325 6476 6251 
24 9455 1462 945 4878 5975 3360 5337 2144 2342 4488 3319 7844 4000 8834 4393 8265 792 994 7938 5948 7758 2568 2667 8170 
24 4764 7696 5882 267 6828 1802 5100 983 4485 1021 897 9074 5973 2826 9854 6422 5273 4976 5254 5848 7856 8764 1807 381 
25 6972 8576 4248 3109 9450 9752 670 5439 893 8388 7294 2837 422 360 2063 8694 3695 1754 581 1099 1394 4545 4525 2384 5826 
25 933 2459 4109 5145 5552 9597 3840 8033 8425 8960 5472 326 5944 4389 2466 4892 1526 1273 1519 8397 3582 4155 9063 3184 2041 
24 4527 7391 5563 2125 9460 3337 3628 5049 285 568 9247 9573 2462 4189 1307 1075 8850 6110 3040 2146 2854 4243 9770 5276 
25 357 810 3997 9197 2371 5435 9206 1829 4371 1110 2438 8012 1305 5779 3947 8337 6636 8771 7940 9061 2021 6700 3232 8331 9249 
24 8612 6820 5331 2777 4038 1653 1620 1123 2225 9801 2958 8731 3674 6040 1872 5689 7015 2493 9438 1952 59 9651 2042 90 
24 3863 9637 9402 5809 4530 1866 7858 4980 6330 1243 117 1121 4007 8392 7364 1490 8509 4907 6623 5979 1692 6380 9399 7212 
24 9139 8965 9807 5823 5112 7823 2105 1501 7896 804 8057 6736 1113 9186 7622 5135 7096 9193 35 955 6500 9202 629 6318 
25 2834 2919 5994 793 5381 87 4015 7934 1416 9516 3642 7857 9444 8727 3406 5876 5358 3772 2567 1130 1502 7448 3395 187 2857 
25 4684 604 6512 4446 8839 429 3456 4651 2573 3091 5187 6219 1591 6595 5426 6432 8298 9182 3381 8121 4164 6066 7416 9895 2012 
25 6535 1806 3733 7043 9354 7439 5992 344 4219 4784 8068 1793 7347 2737 3445 1136 7105 4711 9298 3915 4193 6156 7363 7817 7922 
24 2323 1184 3931 7344 9297 3425 503 7572 4259 1914 387 3598 1790 8538 144 7575 1938 4798 2181 60 5386 4542 37 5085 
25 269 8849 5937 8339 4140 343 2239 385 8429 9900 7980 2240 1837 5740 3933 6718 2687 2160 3556 9996 4550 2981 8802 2825 2654 
25 6944 3913 1087 1656 4771 8010 9044 1267 6310 3305 8448 9370 349 1090 5387 501 1874 7431 8945 7795 472 7211 1338 361 3656 
25 7302 1151 3825 8023 8820 4583 1830 5061 8857 6575 1734 8236 7258 9461 5808 6129 6666 802 1862 9195 9888 4642 2652 1752 2445 
24 2265 459 6686 120 4089 7591 427 6586 2133 2448 3705 8973 9336 132 4101 8999 5170 8569 1403 822 1619 2046 5206 5776 
25 1569 3338 998 1379 4464 9946 5109 5849 2451 4522 4229 3089 470 188 3530 489 4085 916 2135 9644 9840 5853 92 4070 8449 
25 6355 2186 4336 9599 6974 6207 7204 5756 204 9172 1052 9984 2137 7028 3203 6155 2847 2583 2447 1045 8905 3521 7165 43 5033 
25 3848 4812 5142 376 4723 5155 4959 5845 1380 8512 8791 4066 7295 5885 75 7748 5597 2726 1715 9475 7392 1262 3973 4682 1369 
25 2330 6234 3000 3976 5443 5760 2711 8090 9016 681 5629 4372 5905 2867 206 9462 4708 8135 3187 4966 3649 1034 514 492 7078 
24 6639 7234 760 5954 239 1685 61 8171 5771 6220 2580 6784 3169 566 102 4614 9463 8004 943 5513 7759 8076 3366 2051 
25 9654 9174 1120 6164 8912 3251 751 2521 7087 4457 3274 2073 2928 370 7685 146 5324 4731 1953 2658 4754 4314 6714 7415 1816 
25 4232 3661 740 5355 457 3815 2545 6158 6796 5124 3960 2578 8627 356 7470 72 1586 7662 396 9565 2172 9714 3197 7652 2903 
25 3874 8522 1253 783 7459 6895 4436 5727 5173 8311 8672 3261 7908 796 2531 9034 6022 339 2553 1448 7906 6452 7984 292 4971 
24 9722 2424 7287 6978 1899 7419 9666 2612 618 5405 7217 4654 3166 258 7348 9314 967 2185 2370 9407 5485 2560 3207 8441 
25 718 9406 3901 7223 1805 1166 4055 6705 4105 1706 588 8660 7644 6843 9679 4617 7181 2247 2626 7253 694 4099 3513 5858 2889 
24 7334 5996 9183 1703 475 8130 2674 9107 9020 2211 1768 6532 6640 7441 9031 3092 3834 3813 6707 5930 4569 5493 2045 262 
25 8895 3329 554 5803 1439 3677 3490 1170 4136 7522 3357 1024 9994 4899 2634 497 5986 397 4435 8925 5400 9703 6388 8898 7894 
24 2561 4349 7935 2939 5188 2801 2279 2757 7040 3963 4102 8622 2875 5069 3334 1309 7058 7973 3883 8680 4214 2779 2686 2178 
24 7629 8320 7355 2893 7538 2283 2035 8637 7672 6176 1999 8419 6193 4249 8667 4995 898 5016 5376 2141 7638 9120 7190 5912 
24 3325 9678 6135 4623 1355 2713 1295 2542 9663 9790 3099 8470 9826 2601 2479 9015 9259 1402 8900 9942 2195 6545 5638 1910 
25 6811 2402 9410 8603 7742 3969 8362 3734 1719 51 6740 5920 1057 2896 2096 8079 8592 6959 2502 7931 177 5309 6925 1906 3219 
24 9316 9960 1010 7610 7476 6665 373 4821 770 4428 6027 2934 3102 207 481 4662 2805 2197 4046 4215 228 2008 6473 1850 
25 6032 3190 6112 703 6940 9413 2827 2246 3843 8062 8185 2100 3587 8196 632 947 8557 6637 8364 6994 7839 6654 640 3723 2113 
25 3525 2676 7244 772 3634 6874 8413 8363 4221 2840 4983 4027 3131 8287 1142 3420 8369 4267 3195 8780 440 2484 1065 8589 1562 
24 4573 5066 9562 609 3929 1746 8157 9623 5463 5091 1049 7427 1108 1588 3798 5268 2717 4726 8750 66 7608 8082 3165 6429 
25 4739 7849 1192 4715 3230 6157 5175 1377 6320 6508 4753 724 1204 6494 705 2190 8115 7578 5647 754 4751 3054 6189 5258 2841 
25 4204 3119 938 4937 6808 2683 1641 6938 2393 4008 1429 7408 5295 3306 815 2093 6952 6727 6322 6826 857 584 6083 5312 2899 
24 9002 328 7963 7818 1064 8524 379 2970 3206 439 3475 8575 4932 7589 3005 9983 10 5115 2594 9497 8333 8825 8571 1446 
25 1723 4556 6238 8529 8793 662 8714 4282 8239 1856 953 8095 3323 2305 931 2617 1625 7567 5114 4516 1140 1533 1705 9970 1507 
25 528 9787 4689 3136 9754 1225 394 4168 8666 2075 9535 5678 1280 5672 6464 8974 3124 5653 7115 3135 1546 7537 6761 6806 5981 
24 1467 1081 1748 5524 4594 2343 254 1468 7130 6528 8215 8423 8556 8753 2463 715 9777 7262 3749 2199 4674 1489 495 3459 
24 8517 8153 7899 241 5341 4992 8498 9472 3303 1720 4033 4590 6341 236 8127 1218 4228 9760 7510 2278 5881 9555 4791 4244 
25 1209 1396 4430 3482 6301 7642 7483 296 8917 1157 525 3631 7573 7374 7375 2538 5988 527 9546 8888 7279 9441 6857 5065 2435 
25 7081 2864 599 4799 3396 2851 9742 8411 5786 1220 978 9957 7637 5371 9337 8560 6837 8585 431 8341 2379 9912 5710 4263 3796 
24 6357 8548 1554 3253 7017 4820 877 9993 4782 3549 2183 410 1428 2613 8229 8202 3380 3829 278 1306 9224 2607 2530 3215 
25 6815 4079 1269 8100 1574 8700 1190 9860 9227 8867 4035 7770 5807 4383 2783 6080 5071 4286 4885 7061 6745 4279 960 1882 9191 
25 8497 2980 6052 4716 2533 4752 7074 6457 5373 1360 9038 185 3397 1784 9454 1503 9741 6746 8089 2453 8294 3605 8732 1454 277 
24 1896 8863 1431 6930 3770 1240 460 1019 971 4242 6467 861 6638 2429 3473 5283 1312 2653 1745 3082 5356 7735 2385 4701 
24 2226 6477 1535 3993 8438 6863 2363 667 652 3576 813 12 1587 5608 1421 9921 890 6840 5655 9380 7167 5009 3944 8126 
25 7947 809 4671 5852 2167 7693 7926 5725 4736 9024 6647 1365 9494 6691 9440 5929 6071 6694 1282 8496 4293 4068 7138 41 1871 
25 8118 1156 321 3565 2581 9576 5526 9109 9848 4977 3439 1839 9493 2807 8067 3909 7453 9671 2551 347 3781 869 78 7731 2596 
24 9065 113 6611 6384 3979 7079 7640 2095 6760 8110 8664 4443 7422 7697 4175 7354 8718 9342 8306 5149 8312 690 6137 6614 
24 1926 6148 4328 1909 720 3614 6278 3083 6121 4306 6520 8273 7305 2126 4025 7142 8030 3291 9738 4031 6313 4714 8014 791 
24 4104 2268 3171 2996 873 7435 6396 6416 650 9819 8833 7763 2382 6085 5627 2989 3860 2269 498 1129 7083 9443 116 4570 
25 1149 4755 611 1520 1749 4532 81 4156 8964 4369 8354 991 9590 2802 2557 1293 8418 3227 3028 4574 9810 2081 4176 2725 5580 
24 2921 8120 565 2645 5656 6678 235 9414 7430 5302 7284 3204 9879 4564 5059 2362 2155 5796 3996 4407 4802 6243 3384 4886 
25 3950 5282 753 725 7986 1691 6034 3242 8713 1201 6258 6290 9512 8506 2501 5999 8493 6723 5707 4041 5089 3646 5911 8692 6321 
24 1991 5004 3356 7978 6732 1286 6079 195 307 8641 1923 8814 3601 3220 8947 1235 4801 8675 6577 7235 378 7359 1060 1418 
25 9054 5251 9234 1409 6225 7137 803 4045 6126 4672 4447 5940 7813 9300 3255 3816 4894 3926 9924 695 3806 6286 5525 9019 1582 
25 1143 8309 1171 8721 1200 4212 6241 2432 3422 9279 6795 2503 8383 6346 9422 346 3071 4843 936 4143 970 1457 9322 3023 9922 
25 5528 6900 651 9523 9898 5348 4294 6018 7970 543 4413 4170 4103 4107 1203 5060 711 8934 901 8293 2471 2741 3776 7069 4909 
24 4538 5936 7054 1373 4650 369 7412 9543 5111 1542 7674 9625 1833 3286 3042 9739 4606 5878 7816 3479 3182 5006 21 7690 
25 6055 406 5650 912 3600 648 3841 6277 7874 8263 4526 1493 6701 875 1413 4750 6799 8803 1181 8206 4159 6023 3942 1731 8501 
25 7616 9704 5748 7959 2936 4200 430 8318 5078 1122 5456 6 7983 6417 6374 3217 4384 5520 5549 266 3939 2219 2758 8559 3104 
25 7513 3403 5787 4535 7746 4767 1127 6754 8442 454 5690 2907 1191 6460 9999 9046 6028 2052 3117 7907 2441 9633 7136 6006 1361 
24 7767 3610 4875 4382 342 2811 2243 8610 6492 505 474 416 9887 4297 4231 4729 4508 6493 2682 2143 7209 1944 3510 7335 
24 850 5398 6109 7855 821 659 744 7681 2515 1739 4319 2714 290 1725 5543 4490 2662 6855 2504 4037 5810 263 4917 3362 
25 8358 6544 979 7001 3335 3126 5752 756 1740 464 2401 3301 5914 4738 5232 9431 6775 9961 446 8317 1381 1109 1488 8398 5210 
25 4963 7596 4823 1530 7398 2650 308 4928 704 1310 9169 7750 1538 3662 522 5510 9491 3688 9058 9851 5723 6988 8525 2513 3330 
24 1804 5225 8882 6642 8541 2322 52 1388 6792 4496 576 1672 4707 8704 4361 9514 2508 6506 6884 7828 9302 7850 9710 5877 
24 4148 3761 4633 2770 6999 9451 7434 9775 6628 5325 9642 8250 3727 109 5174 6598 9452 29 28 8991 1426 2500 1400 4994 
25 6550 1827 8884 4912 2767 6314 2749 7371 6102 6960 301 4222 5569 2163 466 4502 4974 9121 631 1918 2332 2415 1329 2344 8334 
25 4473 7322 9820 3590 1007 8165 4324 3670 7620 4125 4870 6368 4773 8166 9376 8636 4462 3574 482 7985 835 5027 8716 6401 5860 
25 9823 7506 5427 133 9561 6342 8896 7231 3385 8210 2474 5540 9285 2286 7477 6864 3784 3698 862 9966 5199 1514 9357 9294 179 
25 5991 2742 6307 2884 9831 6131 7619 3637 9036 3271 3413 6834 354 1401 1074 1139 3779 3383 1101 9919 8077 9437 9307 3928 9788 
24 3368 2019 5902 8058 7529 1828 708 6831 7769 8608 6755 2806 9176 5449 8452 6300 9110 118 2383 8173 739 8963 2589 2152 
25 2671 688 8415 5362 7609 6195 951 3108 9837 68 6992 9192 6923 25 1197 1279 6862 139 7377 5527 4929 1760 4656 8391 312 
24 7992 2595 1756 371 8305 3811 9773 2124 172 1014 4765 1357 2309 1370 1363 1551 135 2258 2408 4627 9474 3552 825 1432 
25 6003 4964 4195 8315 3972 3086 2880 1224 4153 2436 334 9594 9099 8725 1440 3780 6257 8262 7300 7019 130 1782 5805 5252 9352 
24 1132 9659 8015 7650 8943 5820 3037 800 2621 9023 4589 1412 1960 8894 4078 2986 8084 1777 1268 5011 5910 7147 858 1071 
24 1089 5959 6181 9250 5344 5675 529 9 534 7492 7321 808 4060 3873 4926 1241 9662 303 7753 6215 9177 1750 5466 6703 
24 3188 974 3258 8808 887 3257 4598 5216 6565 3990 5220 202 7636 2570 990 2727 1100 5117 3031 8940 3351 5261 8823 8644 
25 39 2499 1392 6397 7158 1104 6810 9557 257 7178 4616 4419 1041 9540 6445 2467 6594 157 7722 4321 9082 5105 6495 4260 4449 
25 2450 3055 8328 1417 3991 5497 3057 9553 4392 3694 6920 8616 7467 5308 7613 9209 620 7090 4944 8767 4831 2792 9278 3686 3540 
25 2585 6007 1581 3986 9238 7515 6026 4185 5637 1891 7047 8554 5192 9436 5080 2730 2675 3416 395 8426 2622 6065 8098 5081 8640 
24 6150 6655 3015 9383 7269 6867 1751 9496 4855 3994 4758 2079 6256 6525 9428 9180 8440 6562 7583 2952 4478 5296 2577 2604 
25 2433 2289 7173 5918 8811 3715 784 7491 5659 1390 7219 9028 5568 2831 1539 4162 9105 2285 5399 8163 9839 8258 333 4531 4962 
25 4074 7151 7045 5126 959 4762 1576 4234 4699 1433 4171 9181 555 2633 766 4132 8028 8906 309 582 8534 7760 8545 4921 9577 
24 6613 5024 807 9048 8024 4549 4956 1292 8831 8777 34 8269 3400 946 928 2464 3140 3051 8247 7020 9986 3724 4421 1779 
24 5728 6015 2171 9291 5546 1026 7635 5168 1932 1997 71 2823 5055 6768 2960 1859 6434 1187 2235 9786 680 3627 3147 5677 
24 141 3133 83 9473 2024 9233 8149 6785 4836 1254 2744 9165 3235 3 7275 9948 8109 9759 7124 9533 8321 4512 728 655 
24 9566 7682 1221 8658 5498 6367 5265 7360 6890 3548 4954 340 2391 9062 8617 8288 3221 3561 5132 3340 5474 1266 3260 4728 
25 7861 1873 9382 8230 5995 2352 7733 3974 5286 5564 831 4719 9255 5416 1717 4877 8486 8046 8395 293 5969 3095 1092 6588 3006 
24 2335 5511 1216 5222 2112 1650 589 6383 7417 9670 6537 3560 7481 438 199 683 2815 3259 5243 7504 1342 5676 4069 2009 
24 894 3248 5253 6212 9220 2632 1810 3682 7473 2170 8257 6049 5598 7707 4004 1438 1863 3158 7018 8212 794 799 106 320 
25 5054 3461 4405 8193 3450 4551 6861 5840 5448 616 1676 1252 2646 1605 4605 2753 6720 2872 5219 3529 2842 7911 6648 7128 7880 
25 5408 4218 5665 7425 7688 9101 1556 1302 7229 935 5521 5504 3743 6063 8787 2156 7569 3045 1638 6089 4245 2422 6442 6887 5385 
24 3801 1616 8817 8893 6142 2693 3970 284 4669 6230 9878 7265 8631 5573 2114 9425 9719 2572 7661 7921 9953 9545 9596 9755 
24 5346 4067 4415 3142 3407 1155 6441 2108 8117 9935 1640 7049 746 3885 6689 2754 38 7555 6481 3324 2262 469 2060 5140 
25 3017 5392 7401 7012 3300 2267 9277 1086 405 4054 9981 5571 4922 6706 7812 5957 9726 3035 3934 8588 8280 3625 2010 7479 7340 
24 329 5073 4179 7159 1968 2971 6486 4558 3793 6912 8103 6842 5043 5593 7539 6163 9288 5028 461 8671 5266 8723 151 2866 
25 2554 8075 1948 1350 4161 8045 1449 1634 9189 9842 3667 4919 8615 906 6202 8248 9185 950 7410 4507 5835 7916 8848 7706 1164 
24 2298 9308 1335 1841 2732 4302 4942 6425 2647 3123 8889 5113 1867 3285 6977 1223 8792 587 1772 7710 8113 679 7437 5240 
24 5490 1492 5661 7552 1961 3229 1158 6204 5531 510 9690 2879 3946 8349 3535 3795 6910 6084 9885 6762 2427 9687 4911 9571 
25 6404 4776 9636 7927 4602 7819 7545 6418 3050 8734 9404 8353 6698 9269 6812 6516 418 1540 5964 8020 150 7254 7881 6878 2681 
24 8208 7484 6489 3984 9592 5570 6447 7044 6047 9273 5931 6224 3491 8161 962 2434 407 3558 2316 8632 4603 8187 927 8350 
25 6975 3752 1821 1694 8361 972 6509 3554 2428 4086 8417 4667 6111 1133 4333 8424 465 3155 6223 1868 5968 4480 7394 479 8467 
25 1660 2574 2086 374 4680 424 1327 7991 252 6373 1025 7528 9601 985 6579 9421 336 5658 3079 4062 6327 509 4354 9737 9258 
25 7499 5825 5732 163 4287 627 47 5802 463 4969 1384 9628 7530 6261 8231 1834 6265 3498 5560 9716 4537 7768 7664 3718 4533 
24 350 4036 9609 8147 923 671 1613 7033 1823 8376 1545 7854 7458 6684 4958 654 5289 452 722 4450 3488 9783 3237 7614 
24 9904 6953 4198 3118 6455 7536 2738 9824 5607 4138 7062 8724 9240 7745 5850 8083 3074 6095 6748 4948 3861 3339 3241 9883 
24 4970 6734 2769 2001 389 5129 9973 7523 908 7695 2164 5584 7182 8268 8489 209 5582 4809 944 8088 6248 5613 2918 4139 
24 1320 6948 9409 666 3935 1044 5459 5615 2068 4142 8847 7393 1517 1167 3687 4988 3501 3937 9387 5205 8029 986 9479 3954 
24 7508 5578 6407 7505 3280 8485 127 3212 1876 7389 9990 9013 1744 643 1328 2565 4094 4835 2642 4797 2070 5102 7055 3426 
24 5960 4906 7162 4288 6664 1983 3145 9375 7449 2404 5329 6108 8845 521 5026 9490 553 9324 7246 5886 2763 8344 8952 7376 
24 5641 8730 7503 4334 9520 3579 7034 441 939 8696 7851 8348 2544 6029 7098 3567 3019 6560 8456 1040 8572 4509 7509 2117 
24 1585 2189 5125 1189 778 46 6369 3855 6365 1708 3956 5453 886 7549 7183 2217 1765 7094 8528 3527 1150 3595 129 9317 
25 313 4047 9902 700 5769 4 3959 899 2215 6543 1106 4663 3809 8326 9005 372 450 2122 7382 904 7225 3720 3534 9400 311 
25 1513 8866 726 5861 7184 9229 4780 3137 9669 572 2444 3039 6430 9299 1372 2933 3462 1304 1484 7109 4837 1330 2579 7339 2821 
25 3393 88 7372 5657 2295 7247 7607 8601 551 4679 5782 9928 3156 9874 8416 9767 8840 2975 4579 8332 5789 8475 7808 4805 7240 
24 5686 8593 3566 9481 4081 4459 5671 8123 5 3159 6644 3447 8011 8180 5652 428 3168 3198 331 1599 2948 2878 3851 7913 
24 5517 5404 3817 5464 8494 6682 4272 2031 3345 7163 8859 4479 8457 3927 3481 5900 2785 4261 2659 5550 8040 8826 9151 5896 
24 143 9785 134 9650 3711 4665 8638 3650 4880 9872 6777 9330 5719 9147 1941 3058 3618 4365 4082 827 5640 4518 6566 5533 
24 8533 8540 7653 8746 4504 4270 3451 3879 8335 4339 8941 6533 3043 9709 5904 1644 226 1718 8209 9236 9672 2237 9106 6742 
25 2718 5473 8251 2390 7612 3983 6115 9660 310 6399 6030 9154 8685 7967 2655 5294 2252 2014 1242 3823 108 2550 1979 8499 2962 
25 7261 735 6889 8613 2902 6922 9464 2915 3480 9569 200 5739 1964 6444 6184 1955 4144 4638 8535 7679 672 5227 7865 5407 1399 
25 7487 1525 9954 837 836 2159 8874 2930 749 9219 9167 155 8450 8316 9698 6104 3077 1870 4905 6928 5330 7432 3090 1069 3444 
25 4595 398 7936 2761 1134 6081 9509 7026 1398 4472 1317 4658 5951 478 4842 6285 1549 2097 8924 4408 7570 1854 8159 3012 1957 
24 6957 7057 1068 3751 9059 3988 4281 2945 8445 5339 1695 2166 7299 6905 5434 3352 5581 7400 4789 745 5714 6186 2233 689 
25 5018 2470 8749 4732 6450 7414 4028 1054 84 3774 3759 6060 2366 567 3632 9226 2253 294 7027 9171 483 162 2694 5753 9918 
25 3899 5621 2053 7160 5263 74 5684 3409 845 8868 2855 2898 9160 2794 9756 8200 3200 881 5292 3745 697 1061 5164 2924 5682 
25 5144 4781 4901 1701 2957 2036 9152 7651 3404 3302 2913 5923 6299 630 7654 8979 462 8204 9532 1907 4098 3452 7553 2750 5023 
24 5616 859 9998 9213 4499 7779 5926 5532 9893 6505 7337 3299 4130 6693 178 2336 2592 5984 3675 9129 126 2162 2640 9097 
25 14 5083 1522 8748 3245 476 319 9906 6609 5765 9163 484 6296 2259 637 9135 7447 4632 6487 5734 4301 6122 4794 8435 9067 
24 8162 8404 6769 8043 5767 7367 4841 9974 2543 6019 7859 5038 419 9822 4403 8876 2852 8172 2055 7149 7324 5008 7249 9799 
24 6522 992 3583 9198 6274 9068 8558 7366 5783 9991 8886 6162 182 4210 702 2860 2668 124 961 4744 9578 7789 240 8114 
24 9779 8583 7056 193 8606 6059 9415 1385 3191 6918 8691 506 2139 2209 9963 3789 1354 7785 6172 1602 9833 279 600 5717 
24 6182 7035 2220 7829 2951 8338 5127 6947 3495 5241 7594 3143 1411 8464 6822 1322 4678 3364 1236 4426 7771 8133 6057 3803 
25 7198 8400 7373 885 4117 8145 3234 7041 6833 238 6838 2350 5838 1985 3193 2786 9215 4145 6332 5301 4844 9675 145 6050 2013 
25 5050 7445 8668 4864 6801 7409 4197 5589 4042 1393 4498 8959 7031 8136 3936 3597 2599 2522 5293 1435 6039 6816 2746 3704 4761 
24 7176 8128 9178 4348 8375 4422 6747 7660 6859 8474 4553 9318 6814 4310 8993 6909 5606 7587 5418 1039 7595 8946 4458 248 
24 4953 5634 3755 7175 6883 7891 316 1631 5711 261 6217 2157 3713 9092 7014 3703 5864 2050 4939 830 3269 6237 3130 7139 
24 7764 9896 1207 9620 2605 3814 8956 6211 7280 1258 6036 7154 2300 8080 7765 7590 1042 2548 4351 6587 9214 5211 148 7910 
25 3365 6699 3671 7593 7781 5370 9926 1217 5310 5031 1326 4016 7698 5087 9933 4565 7831 4695 9680 9389 9792 2048 9102 5223 7259 
24 4318 6191 6564 7787 2914 5208 2781 8006 3624 5698 4012 3910 5067 4628 7384 2625 9373 2752 6275 7700 436 3311 3386 8878 
25 7495 3604 3982 3106 5887 8143 7256 8132 5924 6823 6361 3505 1512 3868 9988 3336 5591 5419 1693 9388 3951 4451 2213 1103 9610 
25 6709 5967 386 1852 7663 4696 5058 4673 7024 5488 7127 8107 9001 7566 8286 485 7103 4366 8697 8920 7920 5374 6331 7806 917 
24 7747 9208 9743 3044 2241 5070 8260 3680 7071 559 9791 9256 1275 7597 7048 8129 5942 3064 8717 5082 468 3746 7853 684 
24 8518 3643 2251 4018 7206 2094 4194 7306 8003 6472 6805 8843 729 958 4400 1933 9372 8531 4011 5143 3440 6661 4246 1890 
24 171 5625 97 4022 1564 3644 4484 4600 1919 2353 1978 3085 5190 4607 6010 8663 6048 3663 7356 8394 8093 1911 2376 7216 
24 2261 6670 5411 8190 6968 3437 1818 1532 5792 9156 7456 5153 4065 9050 8433 5489 5320 3620 8909 2619 2947 4727 2906 9528 
25 5624 7842 4166 4326 8650 5579 7811 526 6868 9858 7584 7121 8939 8987 8218 1213 2224 2398 3547 9091 6086 4120 2587 8069 4207 
24 1773 564 1958 2804 2477 9179 5056 5281 7875 1083 4700 5274 5834 3321 6101 7387 6845 2337 6468 2982 3756 2793 8872 7390 
25 3429 5895 2386 1011 4202 7455 280 6171 8801 9618 7673 9055 1455 3061 5045 3346 4517 1699 1949 3886 5642 1855 9064 8807 515 
24 453 2334 8054 3773 940 7999 6885 2216 5440 1787 2988 6344 2274 9552 8073 9582 7724 3516 1921 8752 6849 9932 7111 7810 
24 6917 921 3807 5636 4262 5908 8203 3896 7368 5382 9368 4370 149 3981 2254 3903 3060 2257 6559 9992 7326 3483 7546 6012 
25 3202 443 5267 6772 7113 4061 2047 7847 829 1877 7728 3551 2123 7370 3611 1601 2308 4029 4465 9306 3098 5171 1148 2643 2920 
24 4889 6622 3635 8563 1333 7268 2033 6821 233 8981 6387 615 8201 4470 537 4999 2145 1903 7956 4026 1567 692 9793 2357 
25 9384 4817 4505 4601 6836 3494 699 2423 4548 7775 9069 3966 8699 1144 1339 6208 8739 5989 2244 5871 3502 6649 7250 3532 4338 
25 6501 7727 7123 7547 7186 4076 11 1832 6783 8726 1017 4513 3849 4578 8399 408 9029 7444 3487 669 5068 8564 5559 3697 3961 
25 2175 6573 2067 3987 2076 9131 3651 8695 5090 3835 6513 622 6633 941 4346 8189 2307 50 5758 1931 5718 7237 327 7852 5244 
25 4618 737 5565 2922 5586 1500 5512 7073 3296 2774 621 8408 4808 6073 5939 3134 6854 6436 4357 3607 2249 1176 6798 2917 557 
25 8544 6255 4722 4795 4084 4730 1062 9035 6196 9361 4702 2034 2104 9641 2723 9276 289 8720 5587 1741 7790 4647 2586 1387 7076 
25 9881 1769 1560 3593 7276 5683 7342 8299 7403 165 7264 4862 2495 1506 1332 449 3802 9467 3328 3989 5354 9740 6507 1675 9251 
24 3127 8910 5693 8471 8673 8282 8579 2556 8500 9554 5548 9531 4388 4278 7411 4636 9768 1583 902 7586 2715 383 3062 6758 
24 6096 7882 1291 8969 9345 7666 1710 1219 4981 6114 3149 6408 2331 6604 9466 5898 7378 5468 5228 8094 7006 8291 5745 2138 
25 8064 4851 5921 3633 8409 7286 1775 8970 9427 5547 6031 53 3844 368 160 6106 3128 9622 4092 7863 5482 3917 2789 602 5790 
24 57 8102 3758 1702 2273 2346 2739 2762 9241 2756 5147 9465 9114 4305 9656 8051 9394 5198 6306 9692 91 6765 306 2845 
24 3862 5333 190 6631 2582 2910 9825 9551 1673 7678 8213 773 8828 255 8131 6882 6250 3470 8949 7192 7313 7164 1658 3354 
25 5556 8573 445 5036 1299 1022 1608 7949 8875 4661 7995 9292 5237 2372 7122 8390 4342 414 3116 488 9011 3267 3013 9886 7112 
25 1323 9909 7791 8751 9417 2571 6658 583 7783 7756 17 7627 2932 9504 653 2891 1758 8480 6518 9039 7648 2734 7093 9964 4874 
24 299 7493 1009 1974 6449 6521 6966 1093 9248 181 6315 3699 2870 2026 4690 3922 4341 8871 6688 1146 1570 5183 3692 7454 
25 4637 6389 2885 6757 3183 4123 3589 283 8007 6448 1008 9959 8038 1260 1358 5048 2099 4783 4742 1633 6950 571 3265 2539 6116 
24 9188 4133 6963 2569 3172 5455 6590 3052 3852 7500 2636 6044 8649 2359 4151 2486 6662 789 8357 8594 42 2255 4087 9733 
24 9398 9489 3022 3728 569 8026 4804 8816 7114 7845 5775 7502 9052 9901 8072 9115 9503 3967 5019 4121 6253 9724 1004 4163 
24 6426 2032 1182 5250 7793 7603 7132 7542 5867 9018 5983 1135 8091 5643 2025 1160 1185 2131 9439 1561 4438 6538 1755 3435 
24 5403 8266 2454 1563 6061 3543 3036 9138 8099 9836 4192 7248 1461 6789 2442 924 2812 5368 6270 27 5179 5343 5768 7399 
24 5558 4427 1261 345 7615 5278 9143 5384 9419 7191 6105 1713 7010 645 6364 6484 7535 685 1682 6523 8521 3138 2333 5021 
24 5202 7892 4009 9864 5030 2927 392 7228 2030 62 5340 7174 6571 9645 4896 4793 8994 2904 367 6987 5667 8027 9173 7625 
25 8855 7397 1642 3333 3170 1897 6381 5046 6348 3518 2056 7864 352 1606 9537 6279 4668 5742 7307 9502 1050 3464 1704 6711 590 
25 6685 4705 9522 1753 7562 5644 2458 1809 7611 712 7511 6038 3887 3853 161 6657 9032 8607 8402 8515 2890 5116 7358 5797 4367 
24 6733 6213 4309 5674 6231 1975 2276 5577 8992 9327 8628 4410 6902 5953 2272 7925 7009 8676 6291 7241 6092 3912 882 8761 
25 2319 1097 1785 9420 8618 1374 5406 2584 1450 305 8514 2697 6568 6247 7540 5538 552 7786 1272 6216 1967 8633 8330 7924 9944 
24 2207 4340 7338 8421 1318 4114 5163 9910 2558 6070 7273 7346 1843 1636 6474 9696 5610 8168 7628 7214 6168 9053 6338 6582 
25 365 7876 7107 823 9605 8737 8620 4849 3144 6620 9853 6584 9283 5947 6232 2787 3916 6166 1651 4834 816 8536 750 3441 8744 
24 4057 5395 7532 8356 2356 5854 1647 4203 1763 3414 574 5391 8232 3800 4748 7126 8977 5681 2764 2844 5970 3869 8773 9331 
25 4539 2473 4501 668 1128 5221 4128 1861 6117 2963 9689 7548 5515 1301 231 7883 1698 3176 9674 5648 1198 1571 7551 4362 9939 
25 5141 4347 3621 6904 3908 6585 250 4882 1059 3080 777 1847 4124 3290 5763 4119 2439 8234 9287 5894 4866 743 9649 5451 5595 
24 8625 104 769 1096 2669 790 9780 5316 5469 5437 136 8766 9570 5747 2510 1721 6985 3787 4822 7563 788 1614 1880 3669 
25 6570 1259 8762 9584 7534 2306 487 9549 6045 9483 1375 1799 3836 848 3578 8013 4448 2489 9057 6143 8060 5611 3826 1452 49 
25 9254 7177 5360 3804 7550 2375 7260 806 9841 5079 5401 8915 6663 8865 6419 7541 9363 3819 610 2664 3157 6673 1687 3391 9567 
25 3545 7835 5494 3103 7834 8955 8763 9899 6990 173 8707 2150 1908 4003 6174 7436 7601 4226 9137 6997 4355 7889 2796 2238 7902 
24 2895 8242 5365 4652 9868 4374 4322 8904 1557 1079 9231 5730 6146 282 7039 1281 6956 4717 4621 3760 154 9861 7694 6572 
25 7270 107 8907 7997 9006 2154 9697 8277 1578 211 80 3389 4575 2976 3009 3712 2465 4280 1780 7976 2698 8366 2058 4629 4796 
25 3588 8453 925 4653 2088 9940 3737 5541 7533 2221 8310 8609 6558 2813 2941 8146 8944 2631 3630 1196 686 6875 2229 556 2627 
24 5431 4829 8547 5670 6597 5465 4930 6943 4445 7312 3553 4815 1172 3648 4253 5272 717 9471 9207 1463 402 4630 5300 3014 
24 6107 2648 5893 865 3423 6304 317 6790 2999 5204 9693 7714 6470 6534 5927 9784 122 2937 4660 7708 6659 2400 6461 2205 
25 5323 5207 1683 7066 1174 4943 6497 8966 7633 6496 4810 9004 8950 9228 4377 2409 5961 5234 5432 6077 4769 6601 4051 6011 1003 
24 6103 2992 9914 5943 4100 8244 3428 5966 3463 546 3827 23 7512 4803 9934 8195 1689 9818 8092 7957 4268 4787 6456 2338 
24 98 1536 7937 9855 6770 9027 5481 2091 3504 8359 1615 6964 2071 9947 2387 5555 3205 6669 5284 9090 8864 175 1980 1814 
24 4182 1105 8495 957 3282 7288 3763 5777 4289 7826 993 4747 9850 2549 2198 6183 3148 3735 5842 4515 2037 9243 2978 8735 
25 5471 7574 5743 1481 1395 2174 4491 4779 8371 7617 4528 1088 7631 4897 8302 9638 1067 9486 5215 6127 1803 4818 1193 1529 4968 
24 8188 9956 9073 7418 9506 5160 3370 3623 9423 9310 5303 4291 203 747 3024 3609 7092 3114 2507 2672 8295 4271 3016 6024 
24 4441 8565 8141 7129 6004 3226 9351 9289 2731 619 6697 1362 6190 2871 3585 7271 3654 8597 7082 3971 7944 1407 3122 642 
24 2368 4418 9453 4137 7658 7301 1264 9640 9517 3341 6786 2397 8813 1027 5962 2315 4160 9632 20 913 3101 1865 9162 3410 
24 6483 6393 229 7293 1408 8639 3216 8621 895 4495 5534 1466 6819 3084 8911 6488 9762 6284 7669 9275 9118 8005 1476 2961 
24 4858 216 3570 5480 3919 2419 7870 4359 5486 1227 7887 4827 2426 2702 2381 8796 8930 6710 2460 6471 5919 5998 3448 9274 
24 3615 9338 6469 9572 8461 2074 8768 6386 1864 5770 2328 8314 9525 698 9325 6704 3668 9072 3850 6480 1491 4933 5189 538 
25 782 6778 9923 5884 824 7179 2600 7022 8760 5545 4387 451 6592 7558 4239 164 1846 70 6982 3284 5875 9196 6551 7677 9955 
25 1594 7320 4936 7089 5928 8822 8532 8373 2598 3214 9343 3731 2017 4615 6563 2287 2069 519 7210 3679 5352 6025 8351 7914 4191 
24 471 8596 4610 6567 2566 1900 8252 7140 562 8742 8988 8800 9026 7330 2148 2290 3875 9484 6297 6043 3281 4412 3693 8002 
25 6254 5441 9265 4122 6349 3224 5158 818 5837 3520 1987 8097 3767 5785 3467 9149 9017 4893 8267 9776 4510 1095 6722 6169 2862 
25 1878 6179 5123 4258 1657 9366 1274 4056 403 415 2314 9116 3288 7353 8922 6068 6041 5530 2819 6266 4560 1674 3652 2688 4021 
24 82 5191 7901 8686 4325 701 7772 2302 4316 1383 9201 2559 1423 7080 7038 3433 1141 9146 9859 2858 6787 4853 7516 7718 
25 5862 9515 4788 7526 3676 2351 5000 7161 3344 5971 4323 8962 3965 1386 8222 8775 2288 1077 7402 6547 2883 6078 3472 929 2968 
25 7116 4918 6466 8378 1456 9222 2620 4329 5110 2062 1231 4399 2861 1584 3446 5086 8806 8651 3268 7689 7699 2859 4180 271 4811 
25 8539 1441 9022 3878 2689 5084 4536 7860 7118 7974 1976 9876 186 4486 9175 8643 2329 6209 8861 7671 3750 5213 6569 4005 7605 
25 7029 9390 5503 358 7362 5200 3004 7948 6020 4330 4749 805 169 5103 7945 4670 8928 1430 1801 5901 5766 3088 8986 5857 3722 
25 7361 634 2469 5664 5811 8254 4957 4681 246 977 119 3173 6074 322 6632 3904 9665 4770 4251 5622 3717 9852 5709 8393 6149 
24 9303 6751 6803 6856 4363 4043 9112 1989 6198 8815 6969 3509 2838 3314 2044 7135 9781 1869 3047 4562 5956 4196 8323 922 
25 2848 628 7405 9429 8756 981 1159 4567 8336 5800 3059 8224 7004 9124 7457 2317 841 811 6879 8325 9892 6991 1622 3503 5731 
24 7277 4264 3528 5851 4648 6017 1047 500 3786 9290 9315 4275 1482 2461 1012 2886 8647 5445 8050 1990 4052 3065 6750 8759 
25 4283 9293 7000 6334 592 9295 5454 125 5935 4666 7440 5462 8602 5255 4300 8995 7442 4471 8722 2983 4014 7267 8678 4982 7180 
24 1002 9734 3541 9136 7751 1165 4571 214 9468 8980 6088 4792 6160 7743 9978 9492 7050 8387 8086 4613 9412 7953 6829 2780 
25 661 8860 9547 5180 550 5588 5375 8238 6612 7282 7649 3599 1114 2111 4987 4709 2909 6375 1627 5305 8677 6405 8844 4887 5535 
25 2541 9556 4884 4095 6390 1965 6932 2080 325 2641 4083 4945 5726 6530 4965 6056 2888 9418 2057 8758 9469 5047 6951 966 9800 
24 7063 2576 6263 872 2011 8108 337 3568 3838 5185 5630 2710 1630 4401 2685 2147 3369 4010 480 7972 114 8683 8122 1730 
25 8477 4559 4546 7406 9691 8829 6159 3146 5467 5166 3371 9765 8406 1920 9286 6371 4327 9676 3999 3120 1277 2874 1202 3053 5425 
24 1986 3222 6359 3881 1246 9010 3907 3289 5383 7385 5298 6443 4895 3536 6362 6891 3152 8827 1314 3613 9500 3246 5576 6776 
24 8160 6379 3208 3087 5889 6958 8684 3297 6423 2476 4941 2490 4184 6929 932 2151 975 5554 7461 6674 1117 2284 220 7352 
25 4131 2405 3592 5523 324 8645 7755 3378 7386 4437 3925 6229 7721 2836 8070 948 6973 7314 1033 5044 5314 8216 4186 2196 5631 
24 9009 4908 6428 8754 8975 6846 7794 5899 9771 8276 8479 2106 4867 6931 7848 1824 6744 5495 3905 8837 8982 6548 1888 1465 
24 3998 1480 9476 6625 9132 8584 1080 4077 5311 4985 3639 3125 1628 2120 2881 4454 7155 7323 6759 2072 9600 4269 9646 4931 
24 4220 3298 6210 9979 1478 7227 9079 9257 5741 3957 5963 4993 8577 4891 2784 1346 8881 547 4677 5632 1447 3638 363 2005 
24 9060 4181 8520 1817 854 5557 7119 9718 4090 4274 7655 8580 7465 1351 1000 5841 1321 5836 3877 7822 7878 3167 5428 9272 
24 2926 4157 9574 9416 2201 1294 918 4129 2818 5799 5193 1464 7110 4644 3511 4433 2280 7930 8138 942 8491 1951 2182 9205 
25 5832 9242 5257 6178 8142 9446 5010 1188 6961 1173 9711 7715 1247 5003 4927 9313 6475 3304 6524 5035 4236 3799 3964 5830 9510 
25 6328 8976 4772 8112 2293 7778 7670 3394 5839 2822 4032 8546 5916 8794 3985 3399 3100 4493 5514 7104 9353 7226 4304 9589 7236 
25 9521 8446 3696 9221 5359 3180 168 156 1912 5539 3254 5815 3606 8278 8908 4481 9348 3921 3412 7879 3317 9830 1518 3914 7208 
24 7659 2791 511 4434 9635 4785 3468 9144 840 7068 2291 5397 6192 4984 5744 1486 6345 657 878 3078 2816 8782 832 3233 
25 8561 3162 9505 6695 561 9392 2173 4854 6439 707 2740 6794 660 5423 5413 7243 30 7981 1654 2768 6937 4467 9817 4534 6526 
25 7871 2007 1984 6409 2411 192 5736 1771 9078 3725 3747 1016 2593 2597 6124 5553 5097 3476 4860 1971 3732 7329 8430 5544 4452 
25 5612 8174 9344 7131 1686 3858 1788 221 2972 8715 6454 7599 9508 8927 4712 9862 5238 9846 8324 984 215 4978 4869 6376 9482 
24 8902 734 4317 9763 8352 5679 3894 524 7965 1550 1559 93 2706 391 5025 4871 4188 1761 7143 4576 6717 909 9870 5029 
25 2680 4352 6014 9456 8693 9591 1646 5063 8566 4760 844 105 8246 3402 9612 6555 6743 7624 8755 5224 6731 9271 7100 4375 3980 
25 3192 8852 9511 3839 2799 6118 2588 5662 67 2776 4331 3768 432 516 4106 7108 5604 5458 2443 7668 7804 4073 7091 5447 22 
24 9539 7993 9244 5692 6503 9148 8550 742 5614 7832 586 7215 4134 7466 9323 5118 1589 9938 8148 8386 2348 65 7292 504 
25 1881 7252 3373 5122 2248 1776 4743 7527 9534 5795 1791 3736 6139 6098 3546 4492 3955 4591 4683 4167 3514 8516 3775 4396 3938 
25 8389 94 6062 4216 3375 5819 8152 3739 9365 4687 8134 8198 5136 9834 1194 7489 6813 7474 7201 3506 5326 4006 5335 9930 1405 
25 7556 5321 3573 7886 8041 3778 4824 3436 8728 9367 5712 563 2312 5203 2912 8953 7780 1883 8784 9927 1811 9003 3880 6440 9478 
25 1 3294 5288 5866 5590 4238 7797 6832 1212 2410 6606 3011 9088 814 8812 3515 8574 1222 9083 9378 5509 4511 4635 2529 2311 
24 6403 5696 5041 251 4845 3681 5813 9648 9856 7317 4759 9282 8570 7621 2101 6087 6046 6410 1886 2296 8997 8049 7738 1781 
24 3419 6287 4058 9619 3742 5646 8846 7438 6502 3888 8220 4497 9263 7903 6308 4608 6617 8810 8774 5764 1678 1684 1487 268 
24 3249 4019 6016 1091 973 8958 8698 9262 536 678 6995 237 3792 3640 6553 2396 7588 1924 7560 3564 1072 4777 9499 2773 
24 1617 6774 6817 3847 1626 13 8381 5828 4453 812 3408 9936 8674 9880 9301 5378 5869 8709 401 2015 4127 4463 6998 7172 
25 3353 2518 2271 3524 1348 5720 5345 6702 7380 5897 5072 4561 5151 6540 7296 3891 5997 1015 2797 3716 9168 8227 6652 8936 5349 
24 8469 9595 5706 382 4838 5794 8948 4872 1575 2869 3660 1668 1783 3794 3821 227 7647 5022 6319 2214 7106 353 9071 7213 
24 2527 4013 7197 444 4040 8870 3740 7716 8106 4876 5522 9750 9774 6735 5870 6510 5669 9085 6949 1969 9627 3622 1819 4469 
24 3629 2078 7281 6519 1580 1848 8154 5500 8757 8873 7717 5759 2517 153 1838 2341 968 6420 9457 4935 4646 4913 9798 9080 
24 5209 1661 1208 6421 2399 4482 5424 8600 4110 1345 8183 259 9212 4379 7424 7266 3657 625 8223 73 6479 6993 3029 8954 
24 2905 2496 7776 7827 6411 7042 6064 4967 8226 8125 4030 5617 4290 5985 7102 761 4350 7773 9838 6437 6865 6228 6877 3856 
24 3485 7946 6218 8025 6858 9708 167 1543 9969 6360 9145 8061 8459 4577 2843 3256 889 1300 4916 4989 3388 4519 9598 8926 
25 7238 3032 817 2417 9386 9442 2887 2722 3455 2810 2203 6366 7951 5729 5478 6679 3832 6646 9142 3348 2991 8296 8689 7428 8037 
25 8463 4624 6897 8530 5829 8137 9772 820 9715 4856 8776 8665 6593 2061 5415 5239 5318 9043 3555 8422 5062 4414 194 6075 995 
24 1178 4775 7005 3497 3940 270 3111 7884 1474 5074 8308 1826 4902 3093 833 6983 5972 3729 5338 3876 5566 5855 6608 4879 
25 4211 2719 3489 2245 8001 7497 3830 7729 907 4277 3975 6427 7872 6138 9985 5177 593 523 2865 1553 4697 5315 8488 5390 5034 
25 9187 7630 7203 3741 7606 8505 4543 4599 3377 8983 9941 5137 8551 5260 1789 4257 5092 530 3194 9813 6093 1239 7462 9877 8412 
24 3664 9161 5529 4883 4585 3096 2345 4881 870 6141 3837 7311 6824 1495 8313 3949 4898 5738 8502 9397 9832 5389 3164 1494 
24 7604 1935 9712 455 3537 9766 5269 3500 544 2292 2456 8701 9579 1939 579 5013 3113 8279 2230 4506 8035 159 8150 4440 
25 4386 6264 9701 7517 6269 4923 5623 8519 86 7233 4521 6766 7278 7230 3845 8047 5949 7754 9346 2506 6591 6431 5793 2665 896 
24 2263 5037 6935 7895 3777 4172 413 9952 7686 9264 3033 4360 577 1632 4961 6453 5721 7762 2563 540 3822 5217 8568 2935 
24 5280 5574 7485 5990 302 3812 9682 3266 1477 9094 8455 7943 3924 4686 8913 2901 245 1366 2820 9624 884 3882 6312 4910 
24 7008 8360 3898 4735 6394 5551 7141 6221 276 1257 417 7521 6273 9075 6144 1509 7188 6412 7290 5487 3584 731 3038 7577 
25 3945 4112 5020 3003 9730 1929 7451 7341 2923 5976 3010 1287 6965 775 9937 6008 1913 9560 4593 9583 7021 3008 1475 6170 9230 
25 45 4080 1825 4626 7501 7705 7170 6262 5363 5327 9369 4640 1210 9134 8034 3275 9128 6372 2452 7576 3572 4734 3636 5051 9867 
24 8630 8747 7224 5178 5452 6272 9989 3270 4364 6222 2877 4307 4178 7905 9789 1163 4806 7598 518 1796 851 6324 9362 7568 
24 2956 6919 8211 297 2733 8016 4991 3076 4284 964 4581 4468 1343 2876 7719 1603 856 6336 9849 6552 8891 6382 1206 1177 
24 2833 3150 4947 5172 3432 3430 4554 8626 7838 5350 5379 1607 4409 6728 6323 2165 6556 9673 3790 6205 3244 2950 7646 5757 
24 4001 7220 9012 7450 3007 2505 7070 8407 6962 6716 2856 2979 8785 5585 3550 9123 4442 9889 9319 6753 1445 6627 1904 2967 
24 8235 4088 8942 4072 7152 3719 2180 4158 879 6724 6414 3392 7195 3952 926 7820 6340 2829 9568 4563 8264 2242 7932 4920 
25 8319 5635 1073 6054 4865 6514 7585 8578 2814 2373 3499 7407 5247 8682 3331 5938 4718 3478 8087 4710 4566 6478 5602 5138 8021 
25 1020 9913 6009 9170 3405 1451 5491 100 2637 638 776 9253 8253 9284 6782 5322 3655 6424 8998 8444 7148 85 1714 3434 8285 
25 6936 3854 3279 8719 5821 5134 7801 6268 9309 852 3820 8586 9157 9347 9647 3748 5436 6531 7298 9355 5098 7084 3466 4694 4746 
25 2610 7821 5978 6413 5306 3278 4425 8379 4713 6125 9917 5181 7841 5751 5353 2395 9122 6741 4353 9374 9100 3791 5218 7643 6536 
25 5394 3867 3161 6133 1499 5476 535 8420 3771 3153 5879 9977 9334 9761 7013 2925 32 8555 9796 5812 7072 5649 4456 6091 6298 
25 8322 7318 4639 9051 3977 8255 1378 3293 8290 7684 8476 5184 7395 787 1029 8447 1916 3272 7357 7639 6907 3700 6557 5892 1422 
25 4720 9575 4312 9158 7185 8659 5735 6610 8591 1205 8648 1767 3797 4237 9611 5542 7016 1797 3179 3231 3493 9030 9615 6886 8396 
25 9916 7919 4955 6335 8567 5685 5880 3460 4890 9873 4273 6870 2808 4265 7193 6123 9434 4494 9980 8901 2984 6358 8781 9498 6337 
25 5865 7032 3492 4225 5651 447 658 6853 8000 9809 5773 3992 9119 4631 6939 9884 8841 8192 9581 3349 5361 6764 7319 7460 6809 
25 4839 7701 3557 3608 7518 987 9485 9111 4706 4071 8783 9339 3714 4064 8039 8670 8431 5687 5572 6491 4240 8542 2946 6924 9661 
25 8241 6260 4643 2853 4741 7800 8304 578 3701 3603 9077 6955 9141 7571 1284 2830 9008 7168 6852 95 9982 5412 3223 8706 1943 
25 7153 9753 7837 6908 6239 2964 2103 6067 3828 4311 9211 9430 5154 3911 3264 9865 8207 189 4857 3871 7464 7146 9320 6527 8769 
