25 0 1019 3296 4649 7684 5346 2598 1661 8705 573 2498 8619 901 3507 7221 2041 2255 9513 2969 8832 405 8253 6637 8271 5061 
26 2222 6050 1870 350 4999 692 5376 1872 2377 1299 7281 8053 1694 1427 9362 908 7243 1254 7233 2793 469 234 8608 1304 3029 2867 
30 243 7726 1915 6661 9013 8078 791 5564 351 8772 7596 4733 7242 3921 4210 1617 2143 6450 7559 5355 9348 9357 8439 9176 8969 3483 116 9441 1395 575 
31 4227 1198 5625 2129 7939 4139 9286 7659 2317 4522 2631 4113 2067 1312 4189 4765 4215 5257 5840 2436 8971 6095 8294 553 423 5467 8978 7857 7803 5692 1115 
31 1174 7878 7264 2673 8262 9981 2696 99 7536 2738 1454 1970 9170 2573 7052 7467 9607 4764 679 1733 2443 2122 7788 4196 6879 6499 3610 432 2624 7111 9728 
30 787 8542 6088 3181 5204 1028 3196 1567 468 9415 3209 8190 3136 1928 4997 5157 946 3411 4662 7546 9509 8896 8677 9320 1321 8424 7354 5254 2557 2197 
28 7044 3293 5513 7757 4646 1886 994 94 5940 247 6028 255 9424 8611 4024 8225 3673 2500 7836 3551 9952 4970 6906 786 2794 4052 8630 117 
30 806 4850 713 7119 7723 4188 2490 9283 1373 6458 8465 9221 3940 4965 3674 5520 3707 3556 8089 2237 1913 9146 2713 4919 2622 419 149 1085 5996 4667 
27 6648 809 95 1517 2461 1218 2152 7146 9701 257 3525 2653 3179 3362 7896 8788 4246 3315 9589 6659 3896 8234 7766 2906 8357 8459 4114 
29 9480 5018 1135 6930 3715 622 885 5224 486 4183 6373 6246 1602 2386 1530 8318 2426 9583 7364 1257 6960 8962 3305 5969 462 9975 1340 2996 1417 
31 2666 3701 5542 1258 1748 2433 5710 715 4003 114 5285 6284 5223 3043 7943 50 2336 9414 7763 5553 4849 9027 8813 4595 2994 6209 9695 53 2741 7754 9535 
27 4763 4810 1943 1797 1448 4481 9162 5620 9000 9745 2708 4259 2736 8360 8276 9608 7210 9798 7191 6981 3450 3216 3526 4944 9746 7215 5600 
30 8037 4770 8768 7926 2600 2166 2833 4446 3576 676 9074 2742 8933 9988 8638 1176 6248 6723 9979 1112 4871 7 3617 9042 8301 166 3434 5152 7389 3222 
29 2006 1342 2682 1062 3780 526 4623 2604 8230 4314 2408 2721 9646 6721 8646 761 6170 777 5324 4383 9298 6409 9185 8015 6907 6532 4400 7858 1867 
30 6307 8623 1502 1964 1170 3871 1065 5049 9047 2130 333 1972 289 1582 5192 3895 6180 805 5689 300 3365 7042 9856 1011 1732 8934 1554 260 8620 7360 
30 4304 2373 9718 9779 4346 283 3815 4981 8598 6656 6287 5248 1438 8508 3442 2208 9084 6466 670 577 6849 9629 8466 4116 5984 6740 9933 4405 2853 1959 
27 5536 735 5624 1370 6434 7351 1933 3878 8108 195 3203 3656 6895 5162 1301 1583 7540 969 1421 765 9531 1909 3273 501 9895 2065 1026 
27 9703 6914 9817 285 7064 2497 1091 2264 7674 1042 7687 6031 8480 2453 9167 3836 6710 74 1462 2010 7922 7121 3534 4651 535 4044 452 
29 7153 7139 1662 9913 3231 4395 717 438 7220 491 3983 8572 9374 3132 3975 3667 6885 4319 5857 9334 7043 1232 3817 2912 8391 2699 7881 1695 1532 
24 1942 2728 8831 6199 9651 6148 7462 643 4736 3088 9161 3172 7376 259 2099 5480 4093 2626 4984 5507 9722 4401 7993 7893 
24 2107 1078 5067 2077 2740 1416 131 1773 879 5669 2749 4056 7122 4567 1871 2556 8996 3409 4318 5659 3061 6089 1318 2242 
25 6831 9099 5633 1652 6219 417 5947 7591 8214 4848 944 7610 1821 1714 3241 9083 3633 5023 1540 7189 9356 1281 7381 9661 1615 
28 6361 4659 8662 1050 2700 5288 7404 1387 4300 235 3608 8594 8341 7480 8729 2423 9549 6653 356 266 7810 7232 3354 5147 9191 2723 2128 5161 
31 2520 3357 6117 8954 98 8451 1545 3675 2439 767 6366 5769 238 8575 479 3976 6402 6666 9542 8384 7068 3188 5943 4602 1276 7718 9991 5171 70 6237 1161 
31 971 7202 9705 810 342 9061 5759 8402 1848 8004 4508 6331 5717 644 3891 9075 1495 5683 710 1048 5461 8120 7663 1494 9641 77 668 1515 389 2529 576 
29 2872 6203 2296 4996 1404 1020 1536 4459 91 3125 1206 2568 6420 7017 2334 8415 8685 3652 2344 339 1228 2768 2190 3152 2294 7733 7284 1876 5596 
28 3267 6391 750 5541 3566 1302 3094 3790 6027 6796 3873 9336 4107 4331 5701 6667 586 7259 2942 9426 9998 7448 5796 9735 1758 237 6743 2519 
28 2541 4729 7430 9212 324 8435 485 4943 8366 360 8773 2111 7024 2369 3407 3026 4340 7325 6565 849 9350 874 4471 5980 9971 3626 4794 3664 
27 8118 6228 2234 8077 5569 8842 3123 2650 7635 5444 6756 1566 9136 3158 9520 1204 385 9213 5885 1926 8270 4795 377 6479 5518 1691 3585 
29 7860 3965 1923 319 9303 6056 2393 5149 3309 2263 6715 3724 5697 9836 4594 6223 4505 2826 3957 3561 5540 4292 5340 8249 9560 3930 1191 6462 3828 
27 2574 1529 6550 2097 7978 8863 9794 214 581 1656 7118 1391 6834 9860 503 2245 505 4322 9510 4815 2021 4079 930 1703 2282 7147 9223 
27 7003 2402 741 2005 555 2940 2829 466 4376 2182 4845 8727 3669 7973 2363 1308 3536 9376 8764 1124 6360 3510 890 5167 7967 9956 5222 
25 2299 8601 3962 4342 711 1379 9076 9142 3996 3065 1607 730 7806 8650 3454 3446 5634 1991 5934 3606 3784 7011 225 221 2116 
27 3235 3890 2167 706 8355 1060 6065 398 655 7744 9854 4609 1525 5855 4930 465 1690 9808 1693 4393 3005 5496 6801 1038 9580 2656 8913 
24 2052 2074 6437 4988 2008 9245 5216 1842 3498 8246 3370 1814 6727 1931 7464 9814 4862 230 9417 5709 2295 8073 6624 6225 
28 6851 1082 5711 1938 2611 8583 8147 274 3115 1039 7664 6998 6500 6775 1032 2985 2370 5402 8170 773 6067 8536 7950 7868 1201 3933 7527 1195 
27 2944 9749 1016 9789 7446 83 5434 1745 226 4258 3647 9859 22 7226 802 2687 6410 1398 6568 3363 5651 2230 9702 1140 8532 6072 1110 
25 1279 8315 5181 3191 2276 9694 2158 4220 6059 2382 6432 8119 3084 2207 589 9273 1628 6602 6139 8809 5534 113 1799 3523 9508 
31 3968 9949 9753 603 3766 5109 7670 5494 9889 4818 6484 395 2260 6827 7841 4832 3779 3063 8948 5987 2709 3204 3809 1629 5294 725 6486 1319 974 8904 3977 
25 2179 740 6469 1344 9079 1244 9381 8016 8976 7276 8815 687 8581 2450 8639 1777 8723 9812 6024 951 5253 4021 562 3019 4064 
30 4867 4221 444 2796 3430 4103 9337 563 9815 3601 2458 7892 4660 8012 6922 5404 4941 606 9340 3539 136 6476 8522 8255 613 6607 2914 2515 7826 2606 
31 6975 9699 3811 7074 4922 5652 3778 6504 330 4821 2173 3978 7573 529 4934 3386 1045 5211 6085 9901 1111 9082 2675 895 9057 3894 602 1386 9155 3794 1351 
30 5635 345 6789 9476 9841 1273 1735 989 2954 7177 3722 2146 8875 3859 3939 2731 8188 4419 9708 8935 7398 3991 6342 3002 3753 2745 4687 6057 5963 9200 
28 1347 5321 6681 1458 5818 7688 5537 1245 3104 4555 3727 5431 8421 3625 2188 4788 7632 4771 5639 1902 7854 1071 3788 6296 2039 3058 8124 5103 
27 9313 5193 9275 9238 8671 4778 8679 3764 4336 3569 9648 6321 4938 2507 548 9863 1575 8412 8926 6491 9157 1753 1475 7539 6075 9596 1456 
30 5381 6336 29 3016 8533 1389 7248 386 9565 4434 1029 8155 2585 1393 2209 9974 3230 2929 2758 2137 59 1445 4392 3741 5160 630 251 8319 794 7477 
30 4600 8856 1215 5657 7488 1180 9425 7378 6926 3244 5326 1027 538 3375 8519 8617 5688 922 5105 2038 7799 6241 7795 8799 808 6086 5488 4076 1956 8311 
25 520 3599 4027 7557 2037 9293 656 8499 6933 9468 5246 2839 6848 6950 1266 9166 2131 7451 4574 1272 3412 2009 1247 3686 7444 
29 2677 5762 878 7300 2959 5174 8034 3108 3390 9992 8107 893 4042 88 7494 8268 9006 1343 9183 8612 6317 6216 880 143 5678 5150 2903 915 4755 
28 4391 205 2549 9081 8974 1202 1775 2977 6763 2481 8097 7861 7600 3399 1181 3721 9495 7124 1354 1034 2040 583 1411 7625 1689 287 700 5338 
25 2572 4668 1336 45 3282 8724 5341 4008 641 359 4931 213 3857 7561 1754 4311 5523 451 1337 5674 1168 1768 5030 9145 1001 
26 5530 152 1585 2460 4712 5739 8445 1493 2417 4500 4905 8158 2722 1671 28 2799 5391 313 3772 2303 527 326 2808 2732 8534 3461 
29 1593 2054 2421 6003 6299 3855 8782 4023 5970 8417 911 1283 9218 8236 8893 6463 4554 5429 7556 2727 3660 3341 9466 4326 7272 3763 2668 9014 7048 
29 5567 1873 7653 9005 2444 2379 4908 1950 8496 2726 6080 5795 5933 3700 3691 1408 8872 2125 5331 8400 1070 5702 1608 448 7069 4348 4534 2960 7669 
25 521 7440 2508 4884 1966 1881 1431 3852 3984 9032 4888 420 7707 130 6889 3486 1327 5902 1798 826 9985 4264 6190 8569 8149 
31 8688 7201 1142 9140 5420 1485 1904 7988 3298 5687 5243 3912 5664 3881 1330 1025 2724 1368 8914 5793 9295 8383 5589 926 8614 1698 6803 202 9269 7338 7277 
30 7450 8518 2290 4357 6908 996 8656 6213 174 8538 4855 1963 6587 1188 7066 7621 3935 3187 5086 8423 3039 8210 2710 2638 8095 4309 1524 4448 9332 2476 
31 7775 1630 8381 9917 8436 5648 1193 2931 4307 6962 5102 6138 6511 32 9121 2623 1300 1958 6526 9310 9887 5842 2998 9469 3351 775 2318 6345 1172 8175 9085 
30 4688 5828 2990 9459 6874 8681 2613 5272 2376 1948 1534 7287 9227 6514 7706 6 9689 1747 5477 9738 9664 1850 413 6594 4797 9398 3773 8215 3720 8022 
24 8416 9402 4568 639 956 1961 2890 1979 2185 7468 1054 4730 42 7249 5354 9095 1911 3047 3266 6870 1268 8621 231 2075 
25 4962 683 5920 6290 5178 7413 7549 2392 9918 3689 38 8113 7947 1291 4653 4963 3035 564 8584 8786 2149 1125 4923 6918 2587 
27 2176 8979 4979 4006 9486 2353 1862 936 140 9768 124 2517 1803 4854 8669 3190 5244 9692 2995 2838 7962 8309 9934 1880 9128 1839 633 
27 9126 346 1973 2563 2313 8133 3580 5300 3052 728 4394 5072 4029 828 7518 3787 590 4440 362 9318 6795 5871 4549 3475 1073 839 1875 
30 7656 2059 5708 4620 4528 8762 2752 4175 2478 5836 7701 8000 1296 9419 1609 8452 3285 8890 3408 3902 820 2565 3754 6611 8064 2578 7058 9868 3318 2153 
28 7104 3531 2227 5027 6829 1697 2784 5906 8942 6675 8269 5264 1311 5819 9500 2258 9960 1921 1120 1119 8527 5926 813 2528 7654 6335 667 4286 
31 144 9881 4380 3538 9809 8692 3017 6850 2124 2015 8208 5751 253 9035 2678 1810 6551 722 9875 2965 896 4184 7200 6421 924 4050 675 8245 2144 3382 4164 
27 1139 818 5915 7942 7528 3121 6954 821 1295 8274 5225 8541 9737 7545 2274 5148 7166 107 9639 3679 6961 9287 4418 1165 3176 1385 7092 
30 5438 5991 816 6522 3755 1954 6733 6023 5705 7039 6798 4817 7832 7698 1650 2968 6282 9046 7002 8739 5758 4507 4036 8281 189 3225 616 2516 7339 2244 
27 7180 9726 933 2891 2649 845 6325 4612 467 7332 3463 1286 2341 6323 2297 6327 3789 4424 1412 310 800 1935 588 9866 6162 7734 5009 
26 7555 8647 2465 8047 1729 2597 8777 3612 5792 8990 3343 1481 2440 2779 8642 807 8577 8453 6357 1151 9853 1843 7638 9180 4251 1349 
27 3944 7007 6212 9555 6750 5628 5137 8545 9733 8370 6782 585 4360 8997 7502 8065 4543 6099 6688 7463 4028 6215 1367 1055 3142 8929 9025 
29 4658 2584 4966 6943 279 7366 3472 6419 87 5006 2491 2505 5400 4466 3489 4657 6156 4390 4759 4124 8247 8183 8817 9890 5337 9312 7730 502 4111 
30 8023 7169 9208 2974 1179 3073 7872 6674 1192 3493 5448 7045 4903 3147 7622 1212 1136 3473 4276 3546 7260 8870 5269 3573 902 2648 6929 3616 1333 4682 
26 2544 3037 8106 4742 1225 4926 6566 2776 9504 2831 8375 6793 3695 673 9342 5512 2300 1101 6899 2786 6288 4135 3428 1512 6992 736 
25 6431 9107 1825 739 8475 9037 4666 4468 547 8127 5787 718 6358 8644 1561 1425 2514 2057 4387 6627 1463 7601 8774 2783 7207 
29 1371 1898 6217 7102 2854 25 8876 97 5043 1114 6994 2118 4527 8042 3877 5644 3214 7461 5672 3344 8240 8227 7094 8198 2697 7258 9296 9516 9831 
27 3317 9190 3060 9923 825 6040 6948 9070 5124 3850 1927 4317 8498 9382 460 5048 3643 2017 6244 9538 2861 8084 390 814 7948 584 6350 
24 2058 3193 7511 4998 4656 4254 5191 7093 4469 277 4150 7995 1631 8711 4305 383 9982 7350 3021 75 1200 9144 9575 6131 
30 9690 9481 7875 2645 6254 5726 6472 8486 1526 4234 457 7765 245 6791 8372 6068 9914 1637 3649 9252 4986 950 2633 3117 4839 4887 1105 3157 2871 5958 
29 6066 1478 9050 2277 7740 8467 7862 9609 1433 5521 7099 8325 4247 1460 7330 8556 9797 3696 8263 7602 7214 5570 3131 2483 3424 8528 4301 9532 3281 
29 6839 8346 5473 5845 8597 171 5737 8953 6562 1626 7513 6968 9921 3833 8212 4010 56 4497 7920 6677 9309 2801 1741 9536 1175 5261 636 3289 3711 
30 5214 4853 5433 6536 7091 8377 8202 2586 8488 8927 3374 5810 441 2142 6882 2236 8043 1500 523 8778 522 3220 4080 6498 1117 404 8637 3646 8634 4366 
28 3422 1681 4243 1031 3541 9832 6728 4607 9579 1683 5986 1504 954 970 9662 6175 2366 9434 3215 6604 2034 4893 2151 8248 7447 888 9624 6722 
25 48 5185 7412 4809 7933 6778 8178 4299 7658 1092 9051 5967 1213 6107 4714 394 7499 34 5994 2616 1305 7278 6416 2504 9945 
27 4185 1487 7208 3517 3025 105 170 4091 570 571 9100 9297 665 2521 4402 8509 9799 7526 4803 6702 427 2583 5610 6169 8199 2095 2272 
30 1414 4109 1949 84 6376 5250 998 3588 4192 3237 7492 2892 6999 4536 4339 3076 3823 919 4677 565 7672 5873 1605 6784 8392 183 6760 9862 5411 3605 
24 4861 1259 7843 870 2889 4790 3327 8615 2686 90 7149 1227 6046 840 7822 6320 2285 5771 3488 6311 182 4197 9515 9019 
26 6862 9117 8449 9324 9110 3530 5066 4692 6390 7179 1776 3185 4825 4727 3361 344 2220 2172 16 6473 5775 5706 2310 459 8956 4696 
28 6038 1588 5179 3733 6503 7379 5194 7345 3532 6239 4613 4977 8429 8038 3118 7550 640 2845 6167 8329 7729 4385 8083 8562 2662 5379 9474 7715 
28 6529 2194 4857 1939 9505 2950 2637 2325 1046 596 4061 1184 9993 8180 8081 748 5811 6569 5806 9279 1712 282 3130 8342 172 7547 4205 6596 
30 5377 80 368 5502 3041 2501 3516 7934 5748 7888 8593 5197 557 6563 9711 9366 672 3057 5247 1264 2112 5276 6165 9119 2493 7505 4546 3495 6481 5133 
25 411 388 8602 2223 9762 7620 1516 8808 8359 7155 7302 5932 6177 8182 1150 3518 1541 6105 7912 1572 2558 5533 2204 1785 4890 
30 2156 4946 653 5834 4310 8731 6773 1497 1443 2991 9970 4475 2632 2261 2301 11 8285 2523 5852 6428 1636 8485 1978 9570 2579 7580 2203 2764 8206 1449 
25 1654 340 5941 1584 4306 4631 4614 2636 9994 7320 1239 5714 5454 9873 96 5423 7898 1845 9543 5395 5995 8201 4961 8977 6683 
31 9003 3942 9710 5482 6815 1983 1000 7313 7342 8878 8748 2424 5130 9493 5921 5586 7685 4071 2718 7717 4840 611 1234 7524 5486 2429 1613 4359 8114 1155 2629 
26 7805 1604 1723 4744 4489 9587 2785 5622 968 309 6612 5500 1177 6033 4016 160 311 9619 7368 1369 4406 1744 9294 6980 2231 1242 
26 354 4147 3444 2368 9541 2706 1852 4030 5202 4918 391 1004 6467 9605 4792 3274 9443 2617 3416 732 2591 1314 943 1858 5574 153 
31 2411 101 3364 7120 1199 4381 7552 1669 5207 1472 9034 3381 7983 516 7784 4750 1381 5658 2140 5003 3421 7388 447 8291 4153 4073 1252 1407 8547 678 7665 
30 8335 5816 1643 8125 9898 1278 8454 5510 8574 6698 1123 3393 2202 5974 6953 5893 133 1182 7370 2321 3417 5609 387 5463 2083 3527 4813 804 5479 978 
30 6176 9821 2169 6749 9023 6746 7097 3964 9184 4313 6032 7975 5301 7032 7976 9435 9483 5549 6642 2792 31 9071 4293 4165 5388 2147 9383 7268 3448 6554 
26 3169 9460 2378 2643 2919 8379 2069 8264 1064 7486 3657 9517 5014 8800 695 5042 286 5827 7400 5713 6233 4121 3212 4762 3228 7809 
28 6941 6598 2413 8987 414 754 539 1316 5020 2716 3936 8312 5529 9086 8785 1424 8494 6593 1702 2621 4510 9272 4741 5503 9248 1103 3114 5734 
26 7682 2513 8961 5900 220 515 7954 9559 6572 7285 5097 5011 9148 1841 6869 3662 2365 4703 7289 4828 2963 6537 4099 1987 7960 1738 
30 6696 8058 3474 1757 8438 2896 2815 5774 1376 2530 8386 6884 6584 4718 1030 3972 551 9834 702 8460 3927 3077 1303 7667 3897 8134 6338 5649 8303 1929 
26 2918 6407 8163 9894 8549 6644 3432 3462 9717 9235 146 9284 8830 3119 7217 3694 6824 6268 2066 1692 4168 8493 5712 2526 4670 5636 
31 7431 6676 78 987 4641 2679 3141 4170 5001 5955 1816 8272 9822 8901 3581 3239 7460 1249 3583 5016 1488 5878 4827 8900 2145 3821 3854 8142 9810 3870 6125 
25 6347 1667 4351 6401 1003 8812 1088 2851 7504 8682 1813 3947 3096 4374 4297 5084 4860 1818 3948 2757 1555 9582 1725 698 9393 
30 7434 8067 6101 862 764 5643 2823 8109 9196 8141 7482 4451 6087 2910 9567 697 1779 6404 5317 6753 6152 6844 988 9847 4498 7021 6669 7700 6731 292 
31 7914 4655 931 7190 6808 1144 1568 731 79 9790 2003 2667 2809 4063 4586 7949 9440 1988 6253 3367 8937 232 6279 7924 7423 9389 7016 1957 7312 6732 3748 
31 6348 8209 1474 5457 9739 5543 5611 2225 5749 5493 898 2361 4805 779 8995 4669 6269 8164 2346 5653 3730 3090 4476 2047 9968 9488 6490 1118 7774 2464 536 
26 7953 2177 3509 7891 8769 9400 7409 2216 7348 7928 1589 964 1235 8737 8673 6643 3865 1350 3457 688 493 6326 2094 3189 937 2235 
24 7140 1544 1229 5660 5573 3900 4678 3988 4427 3648 2748 2273 3941 7966 4834 5059 2090 8068 5522 338 7321 8338 4233 33 
24 3949 6423 669 6583 4020 8998 1774 620 1096 4987 7646 407 2291 119 6783 2027 3148 5614 8266 6482 4368 5123 9049 8091 
29 1576 5736 3345 8487 8279 5983 960 6369 3564 8010 812 2705 9250 4482 8352 6470 7157 5032 301 1270 9581 6787 7382 3405 6214 7429 2007 3759 392 
30 8924 2289 4005 7661 7336 1189 6226 9781 5295 8003 2702 2025 2448 2670 1796 5743 8568 349 1951 8631 3265 5896 128 4837 7873 4432 4579 6805 3404 5886 
26 3419 9113 1569 1668 6578 7927 2772 4835 2451 2859 2596 8503 4369 2229 6741 7662 8931 1183 760 3427 3934 2495 2976 1560 4644 5308 
31 3853 7359 1477 9986 4202 9507 5863 2537 6625 7267 4462 9323 4486 5291 4038 9451 1160 7824 5950 8020 1248 6925 7386 8027 8908 361 865 5228 9058 3951 9556 
26 4547 499 209 552 7731 4349 6771 1788 9891 6792 1746 8455 3914 6286 6337 9601 9803 2945 9455 6891 3074 2217 8284 8966 7755 3858 
27 7270 3079 9869 1542 5696 2818 540 4706 7837 4637 7163 980 3846 2733 4535 1868 1328 3348 1509 6521 8100 7063 2284 6963 4059 5783 5561 
26 6475 6821 7383 6278 5884 9672 1037 7343 9883 3200 6112 7100 1833 2186 5259 8921 7675 8709 961 2875 3747 5905 2148 5447 4355 7630 
30 2390 3078 9839 2020 2278 4901 567 8162 7294 2813 8507 1922 8011 164 2330 293 837 1400 3506 1890 9204 6794 3760 9721 1863 1341 6121 981 9748 4675 
24 2375 7291 881 9314 1596 4330 9345 1147 8289 9143 2061 3323 3248 6991 5180 3827 517 4106 9231 2511 13 2331 3775 9122 
26 2364 6652 6178 7250 5483 664 8374 3105 4716 4974 846 6856 2275 1815 1197 8185 2494 9635 2971 7310 8595 1356 2807 2828 6533 6939 
26 9775 9375 3593 1543 1128 5478 2489 3820 453 9281 518 5369 5260 3851 19 2221 5691 9251 210 4748 5497 3504 3825 1982 4565 9416 
29 3396 2540 3006 219 47 7375 3834 1829 1051 5175 5508 4271 9955 3676 9671 4161 5159 7589 9464 6857 63 9371 3508 7519 4542 8192 6752 3680 9908 
30 2191 6581 1436 4980 2213 4752 4072 6618 7883 753 2692 8345 6349 689 833 1945 6614 9198 745 3211 7365 4732 3353 9217 4793 1138 1097 9216 7679 2535 
27 185 5290 5516 7352 6329 1595 7406 6817 6534 6408 8586 5562 815 1546 5815 8648 8827 2287 5256 8801 7681 1780 3227 39 7584 6380 7919 
31 582 9760 1023 7834 6098 8881 7588 1076 3178 621 2349 2627 7244 8858 6063 4695 3812 6799 6051 3213 3055 9594 1682 145 9011 424 4971 6111 3708 4324 1444 
31 6507 6560 8819 4269 5107 8394 7532 8754 2941 2843 3398 3570 3335 803 1007 6588 5410 7833 483 5120 6525 4581 9132 1262 7699 7009 6422 6919 488 4551 2114 
28 3762 2205 9189 5280 5957 1267 1375 7304 864 624 2599 4364 3106 1990 6022 1290 4382 6235 7257 3247 6573 7712 3824 632 7579 2031 4767 9642 
31 3524 4863 5594 4865 2766 6275 8825 6769 4831 4265 2973 8471 1233 1893 5632 6231 5038 3062 2418 3997 8428 4245 6316 1033 1442 7786 9785 2133 3744 5912 3465 
28 2836 4456 4936 7292 3967 3924 8491 6224 4222 5366 1219 2694 3810 6137 8834 1320 2684 3387 8172 2394 1619 163 3792 1075 9848 8344 5357 8356 
29 8811 9268 8334 1936 3841 4136 1186 3012 9230 4873 9358 5782 8387 9871 2072 2725 4182 8071 910 2154 60 1717 2781 3952 2575 9165 2880 8915 3383 
30 9911 5731 9829 8855 7181 1640 5916 9653 975 3709 1453 782 8803 2806 1334 2923 1759 7612 8776 1292 7897 2571 304 900 1783 684 9524 694 3624 2091 
29 7902 5452 4280 6506 223 295 4685 4120 9770 6706 851 5446 2874 798 7445 8780 7005 9678 4846 8950 2358 4420 942 7089 4228 5362 8789 9352 2033 
25 2056 6547 2835 6886 4892 4047 6309 9652 9972 8635 7387 1724 1095 500 7812 2055 3849 1469 7261 5917 4691 9867 443 5168 6777 
31 3297 9659 9586 265 8302 7436 406 5595 3137 1069 9214 9118 4557 8733 121 6277 7426 1107 6582 507 8367 374 5399 9973 201 6295 5445 1324 3261 6456 8851 
27 3243 4167 1562 7633 4814 5071 3471 3414 7186 1196 4856 5374 9175 9872 431 4541 8879 1226 5425 55 6958 4157 1686 2926 8419 2900 5282 
24 853 2751 6398 9377 5826 979 8420 4780 8716 1108 5416 477 4386 9399 1537 4672 7569 7531 3260 2409 188 322 5526 4869 
27 7496 3572 2646 6972 2524 3388 4529 3480 3535 5236 9926 6713 1941 2922 4277 6374 2312 3663 6955 4479 7769 5279 1081 5647 8278 6070 4199 
28 1508 5458 4552 9720 3615 8804 5131 598 9265 8743 5699 8404 952 6044 51 568 1018 795 6084 7356 2085 2189 8250 5466 262 5968 5576 1932 
24 935 7844 6835 3233 5386 4260 7130 5703 8306 3184 4428 9503 6079 4501 5890 9617 7965 7727 8587 9563 2937 1591 8048 9724 
24 455 3687 7852 1009 1137 8287 2951 5045 607 6387 1298 1632 3946 2850 4680 8560 8744 6186 2322 8999 9769 4915 7251 7946 
26 3476 580 2389 6717 9743 5938 2019 9610 8746 6141 5028 1109 7235 9209 9984 8889 593 161 7432 9572 1739 869 2214 1057 6000 5406 
30 6303 2387 8952 8283 7640 3786 3284 5031 6921 5428 3277 4152 9368 7349 4823 1486 7571 2735 7196 9530 9169 4883 7491 6608 3263 5000 3161 841 7739 6018 
24 8758 9756 8161 8035 5237 5442 6517 7470 8173 7760 5364 8332 7164 2577 9164 7738 317 7576 7314 2474 6811 1791 2252 8409 
31 6759 7804 3056 9922 125 651 8049 1992 445 2562 7798 7079 2939 5052 9372 3337 5642 6873 7344 9072 3505 159 6435 1409 8552 4852 1008 2170 8258 2080 5058 
28 5773 7090 7076 8693 855 7678 5427 8964 1764 7454 4866 7964 1684 8736 2689 7564 1855 7590 2162 3658 797 9935 378 1420 2454 1372 8687 4067 
30 2510 4912 2927 2308 4454 6540 8239 3253 5334 5155 9787 2470 5740 249 726 9919 7084 1831 7108 1616 9540 6747 6606 8945 2135 9360 5654 8197 4100 7256 
30 6115 461 5158 5172 1962 5210 2676 661 2328 742 7142 1410 8624 5623 1396 2869 6232 7770 1246 5079 976 8203 7013 7427 5205 7004 7127 4206 859 3503 
25 129 6147 7915 3291 7644 4518 8537 1482 4296 89 6695 7408 3101 6076 5353 7286 4407 648 7879 8434 7126 3868 14 9909 2496 
29 6294 291 9241 4285 6719 7568 6201 8211 2068 6126 4302 1361 3040 337 5286 7503 2642 4882 9752 6110 2081 464 4001 9924 4408 3886 2159 6813 5616 
29 9232 7925 8779 9329 1470 8224 5725 4327 4389 1159 4885 5 1808 6492 3392 3452 284 5872 5314 4232 9903 2391 5897 1061 6986 8862 9920 5514 1784 
28 4942 5035 6346 7216 7773 9691 496 3929 2917 9780 2787 5881 3445 1877 3981 543 9804 4218 9807 6586 9840 9938 572 299 2249 2958 3022 1047 
25 2615 6208 269 3922 4563 3249 4275 6682 177 5229 8530 8150 8818 1099 5274 1849 2359 5299 6631 329 2367 68 5524 9259 4985 
27 8674 6917 9369 634 7110 733 6970 9677 6949 4582 7265 7690 5729 8293 4643 6985 1565 2654 9578 6995 3447 102 6852 4112 8388 2957 7027 
31 7535 9622 1068 904 574 1901 6493 2655 5686 3714 5558 7469 2193 6622 3911 8418 4464 8663 3046 3377 6074 8600 4352 5797 8256 819 134 6894 1141 9568 2797 
27 492 5424 7537 7131 4457 4989 8570 3469 6427 3795 6734 8358 7793 2150 719 1178 5846 4899 848 1077 9977 7594 3279 2240 9638 4520 92 
26 429 8007 5666 8835 8833 6947 3723 7340 9618 7538 6399 9518 8396 4066 4046 5108 7608 2265 2614 2693 1185 9367 3903 7105 8859 1355 
29 7014 307 7647 6936 9893 9802 4132 2183 7541 3232 1851 1012 8557 5251 9806 6453 4378 3589 4605 6655 5468 9849 4119 1967 7691 2659 1971 4953 7435 
25 9361 5176 8072 7520 8689 1731 2674 3410 9386 3639 5843 7863 3798 6073 412 2778 9529 3746 7030 1965 4807 5765 1145 2576 5720 
30 5599 6952 9151 3339 9805 7161 192 4094 4002 366 1836 1908 6274 3571 6892 5904 1241 6707 275 7624 9195 4341 4591 8116 3085 985 6273 9261 1679 9784 
29 2337 5972 7228 7484 7720 4478 5198 3785 2226 1511 4125 1166 6818 7428 6185 626 8080 9177 2658 9771 5910 747 2899 7424 1570 4610 5029 6460 4338 
25 5309 2388 6685 242 3909 2486 4889 9561 8565 4721 1533 4843 7478 3051 784 4345 1364 9502 7695 4240 5485 4540 5138 5060 3644 
29 1220 7371 325 3127 8181 1243 600 1974 7308 1832 5515 408 5598 4362 4083 363 6878 9219 6923 3168 3207 906 8850 6863 7895 7203 9257 4596 6206 
28 2340 8273 7530 9650 7871 9207 9698 3276 7112 3433 9714 5499 4597 9475 5190 6181 3905 1806 8524 4321 132 6757 9613 8186 6113 9308 1365 9525 
28 6785 4110 4645 2570 7979 5913 1960 4802 724 8456 7237 7026 3395 2307 5959 997 7931 546 9233 27 471 7508 2102 6370 4026 4976 2858 178 
26 2270 4429 6266 2581 7629 1869 982 8697 9966 7631 6301 2703 4082 4570 2082 6912 7894 9950 8796 357 5227 4621 7390 1860 1558 5249 
24 5489 2795 2320 5101 7305 691 5944 302 1501 8364 5501 2866 510 4791 2201 1903 856 4142 4176 2534 2106 6634 111 8128 
30 7224 7485 8802 2246 4648 2032 3326 5745 9687 4375 5121 8217 2672 2415 2953 9576 3577 5746 2164 5563 4244 9192 7029 5465 8489 5738 9160 542 4180 6037 
31 6704 8321 3251 67 4650 6245 3560 4960 208 7831 9271 2590 1362 7780 10 8277 2115 2060 592 58 476 7959 6576 5363 6779 6054 9912 9685 6689 8406 3738 
29 690 608 5876 2506 8771 3542 2879 4876 8544 8699 8115 1413 9404 2471 6442 30 4398 6292 6518 2048 4487 8610 6559 1937 7689 3322 2425 5154 6082 
25 4477 5874 6123 9256 5394 6339 3490 5551 8613 6605 9359 3397 628 8464 4975 3007 6306 2023 7303 416 3692 8033 1263 1067 4634 
27 216 2765 2383 5140 1590 6251 127 5832 4415 5239 3867 7840 716 6575 323 9987 4812 7141 8349 6616 1688 9951 9115 3659 5085 2141 8675 
30 9134 9280 7473 9773 5106 1492 7783 3805 1587 927 1419 824 721 8159 190 2473 2405 8232 2011 5230 9734 4217 3067 9512 894 6989 6615 4439 6053 6646 
28 8331 3280 8558 7668 6974 1122 6877 254 5232 712 4291 9811 2467 2582 6971 3970 5550 9432 2232 1859 4140 3481 7838 2165 162 3781 4022 1597 
25 2652 365 7609 4096 318 7160 5163 6008 531 681 7874 103 1579 9239 3195 4664 203 6293 4932 52 860 4638 2342 2259 5804 
31 2962 6191 4684 6556 3325 4910 6164 8828 3068 8196 5640 9249 9127 6660 5263 3155 371 1985 179 5853 834 8317 2588 126 7050 4851 1801 783 8946 9976 6102 
25 4588 5199 193 7642 4699 5208 9395 9755 1998 9744 3455 508 6356 1793 8492 375 7697 1847 6197 5368 3718 5414 5047 17 8101 
28 8517 1571 2934 844 6393 1006 9612 5212 9131 591 1437 6001 8030 9732 4798 2266 5844 6264 629 9595 8659 4784 6011 1578 7692 4785 757 3587 
29 1098 4577 3876 5630 1955 5942 8633 8139 533 5099 9747 9668 1980 5240 3149 5954 1237 3632 6083 5110 3684 6662 3880 8829 9577 1883 9089 3359 1802 
24 3835 6938 9879 2714 3803 7794 6210 6334 4897 2847 4761 6365 3864 2253 9491 2078 8024 2447 7282 5258 169 550 1665 2323 
26 7611 426 5517 4826 3990 1506 7391 1728 3698 3156 2997 3049 6200 3769 1079 6058 1884 7605 8628 8275 9765 6204 619 610 5742 2243 
26 7772 8365 9073 9260 8444 3145 5315 154 6544 9022 1130 7377 9060 1221 4630 5812 9599 2013 6687 9321 215 6218 4800 8759 7438 5835 
29 7789 5977 3167 3308 4267 6610 5265 3979 680 9220 7407 5604 8609 1710 1043 73 2174 1214 1809 6265 6243 5948 4015 612 7787 4503 5862 49 2306 
29 2756 1473 1549 705 7056 1900 2401 1763 1390 7866 9656 6638 8457 9655 1781 2625 2822 6966 5373 3906 6192 5318 4012 409 6711 4875 587 4939 5882 
27 2043 6510 7599 7337 5581 2522 120 5998 1418 4959 157 1719 2086 3250 250 7086 1143 7022 7906 4636 6860 1217 4886 7183 7719 9254 7031 
29 8710 334 5894 7023 1535 5929 6025 5798 3218 6229 4561 9327 2218 1737 3032 8596 3302 62 8636 2897 403 3350 7578 9173 7158 4449 9627 5495 86 
27 6305 3958 4618 3861 2283 1718 4225 4874 8472 6448 446 2844 4272 2924 2271 1152 953 1720 3710 8076 1435 3500 884 9489 7830 8718 9551 
26 5619 8326 9463 5393 5677 4859 3596 46 1907 4806 6841 6705 4223 3923 2814 8982 9947 5735 8320 8328 141 6412 5370 82 4502 9403 
29 4361 3522 7785 3728 7850 6497 8070 541 8501 6250 2434 5973 5535 7012 281 4515 3621 5866 8704 5527 2088 923 327 2463 3879 218 449 6543 3954 
27 5024 7999 1680 3379 487 5491 5025 9637 7710 9433 6502 8770 9385 3567 1722 2767 4444 907 9133 9800 2071 5013 7001 6871 7038 3272 1743 
25 4891 9203 7617 2238 8826 8380 2502 7767 8700 6049 1253 6742 1912 3555 5481 635 1704 5718 3557 3470 6832 955 7917 112 2907 
28 4200 9467 3928 2664 5242 991 5039 1432 5231 8822 2539 8176 2384 1224 6091 5352 886 2087 9461 3782 2559 4928 3620 6996 3086 2427 2132 8843 
30 9397 2210 5903 2459 7577 2127 158 1790 2555 147 264 7521 7847 9181 4553 4674 3170 8296 1846 3670 1405 9487 3703 4009 4325 9719 314 4562 207 1358 
28 6774 3631 3283 3845 2175 5993 384 1817 8911 9626 7218 7680 175 2798 9472 9783 1489 7876 8922 3771 9409 8683 9266 397 9683 1993 8483 9236 
26 9030 2754 7791 5887 7065 1752 1377 1476 545 8707 7331 8179 1457 4697 7019 843 227 9519 2688 5556 1313 7176 4698 7317 7129 8784 
26 9420 5931 9767 240 8540 1507 1056 9450 2913 6978 4689 5451 6739 2256 9759 4773 2885 5817 8516 1642 6149 5788 6163 8694 3024 8461 
27 9791 2884 4870 5069 788 1807 421 6990 6613 8959 9621 246 236 2484 3376 9407 9946 2691 490 8845 348 9036 2915 168 871 2967 1260 
26 151 1523 2930 1653 9343 5008 663 2644 2357 2134 2791 9980 8820 4055 5238 1577 1231 4777 7921 5606 3528 3969 1261 8860 3757 4895 
25 2683 2431 2612 2651 6104 6969 8226 2024 3092 6973 8664 1113 6381 2864 7465 5382 3098 3598 5113 7309 2525 5560 1282 5057 3732 
31 4396 5277 4089 658 3449 3011 6092 3725 7567 5593 1455 2811 138 6207 5814 734 1905 9485 646 2561 5412 8506 1382 3636 1749 1997 3668 9858 8191 6234 5234 
25 1388 5868 7969 5675 7335 3594 5655 20 7057 7054 2855 2803 4049 5875 6429 3808 5293 4496 6263 7952 5704 7923 752 1976 4564 
29 3992 3893 1380 484 9736 4148 4758 1953 4190 6494 8983 671 5094 24 9557 5436 8949 3837 1014 2452 3100 2012 5055 9547 6694 1428 9226 9229 1782 
29 294 3791 7930 4399 8052 6867 3549 9325 6230 8916 9819 2603 3742 3544 504 4129 2948 4728 7702 7162 2984 6013 8787 5716 8984 3797 5128 8057 3210 
28 7811 2538 21 1940 7194 4460 4141 271 8389 6029 3128 9716 7497 5833 863 9274 3796 5760 6371 5112 5007 7751 5441 3270 1309 8468 4749 5964 
24 2163 4425 7735 3607 7170 9158 1678 2966 8810 4422 4069 418 9527 2356 8588 3590 8401 85 9864 9222 1917 1190 2894 1093 
26 7087 4216 5750 8044 5053 8323 7115 3829 7817 3134 3749 1804 2100 6686 7736 9457 320 3389 6016 1700 4261 4616 4131 434 7660 4603 
29 8722 244 720 9490 8701 5073 6211 9120 8912 9002 1044 6519 5728 3139 8490 4492 2933 6564 2286 7283 7814 4149 9884 473 2241 7173 5407 9438 4370 
29 4007 793 3186 8336 9944 3328 1207 3198 5864 7958 3330 3300 781 5831 9087 8925 2707 8290 9825 7984 5690 5621 2805 1452 525 5462 7369 2407 9930 
30 8763 9380 8450 5115 9392 883 3956 276 8112 3920 6636 511 8088 6198 1853 5327 5070 4512 7913 8092 8726 5813 108 8616 758 4517 7456 9915 7828 1708 
30 1297 532 2753 7759 4635 9959 1857 986 5325 3324 1531 7870 180 3713 9892 4105 5891 7329 3082 2262 4737 5615 7143 9885 372 9763 6748 3913 9021 5129 
28 2457 6379 321 4722 5585 4717 4445 696 2992 8470 3985 6289 7036 8973 8177 6183 3955 1447 9458 9152 6946 938 9999 3020 5119 4902 7886 2480 
24 9024 9186 3435 6459 7686 9093 6108 4994 241 5443 4513 4490 7357 7080 6931 5531 2479 8 2120 8989 9341 1581 6647 959 
26 966 5867 4074 8579 8930 6579 7392 1677 9684 4707 4532 7572 4441 4665 6129 8441 7777 7274 8582 5383 2877 4847 9660 7439 6508 1250 
26 8348 8886 6144 920 3254 2432 3622 355 8732 6984 9588 9899 2882 7301 64 8591 7403 5310 6146 2014 308 7171 9983 1709 524 3479 
29 2589 5668 3740 8691 1498 9948 8821 7705 9365 8220 8751 123 3888 463 7554 7709 9478 1827 5988 2466 6430 647 2352 1080 2999 645 7246 3860 4014 
24 7516 3497 9927 5409 8102 1104 8717 5681 3973 8566 8794 7517 1663 5220 8712 1811 4907 2608 9210 296 2952 8307 4495 4640 
26 5856 4556 66 9786 3329 2812 6993 9431 811 8618 6161 2335 8482 4647 6699 3197 7815 9304 6916 6673 3529 1397 4211 1594 7380 5608 
24 6910 2695 2492 6424 5307 7618 9630 4470 789 3706 1036 1392 7134 9080 3882 7890 5922 2280 7085 7982 703 6353 5721 9592 
27 8873 7565 1374 1760 7495 3356 5156 6977 5471 2610 3438 364 8123 1015 9018 3413 9632 558 3278 8304 222 7187 737 1216 7222 9511 1471 
25 1484 8798 8458 7385 9077 7941 2110 2531 6628 3246 9615 5195 3562 993 2456 7574 8351 4864 6590 769 4438 5344 8672 8695 8866 
30 9522 369 9633 4617 399 7296 912 2763 6897 9421 2311 2946 5100 3693 4241 7889 2868 118 2543 2063 9442 7522 1896 1164 8936 6400 2548 6090 2200 7298 
28 6238 9673 2485 1658 4719 6574 7981 156 7165 2759 8919 7347 2712 9552 7821 8918 8121 2482 6691 6531 9017 8666 6617 1548 2345 458 1434 5151 
31 2566 5403 3485 1464 528 8267 8548 1645 402 1838 498 9611 5779 6858 9888 1618 8069 7655 7936 2250 6340 9628 2824 2888 9292 5111 8940 3378 3866 4039 8760 
28 7848 4768 6449 8895 2101 2049 2532 76 9059 9704 7989 2288 8661 5997 4927 2817 6222 4414 1675 3520 8899 3603 6446 857 7101 6806 6173 1800 
26 2680 7150 6671 1787 5332 2022 5002 5571 3637 3310 8757 3400 6367 6343 5939 7627 9990 2333 7040 9090 6555 6823 5226 7501 8257 3799 
26 6272 6635 1892 6433 7781 2051 5661 7128 8553 9940 599 7595 3054 2360 6651 6249 2442 4538 4397 5588 561 8166 1699 8110 7745 9391 
28 4041 6967 2729 4238 4219 5144 3838 1353 6114 6160 1840 7974 3907 1326 5568 4195 8252 6561 5267 2547 1910 8194 9882 6692 7560 2876 799 9616 
25 7750 3875 8169 1751 7756 7273 772 9053 8242 3380 7932 2862 6633 9315 8446 8001 8343 5421 8021 8869 6915 5350 1503 475 2647 
26 4268 4925 5278 6765 400 9412 3844 5898 8857 4738 744 7192 9427 5136 9643 6397 315 8641 3629 5829 2938 8131 7856 3425 2983 6383 
27 5794 638 7263 1106 6580 9182 6124 796 6571 8350 6810 4354 2171 9670 6035 2771 5320 9496 1357 4681 6896 4663 8791 2640 8440 7453 9788 
31 8684 2419 6300 2488 93 2737 7156 7475 601 4365 3514 6417 5821 1210 328 3443 3702 6478 8871 454 5579 4433 6527 6468 9446 5114 4316 9452 2420 1058 5665 
24 3592 6061 5580 6047 3995 2224 2503 6351 5764 2315 9827 7059 212 2403 9693 9225 5319 6668 3423 3275 3600 4524 7425 8241 
26 7938 6069 4236 7626 4993 4775 4879 7061 1574 2554 3737 5329 7899 8463 3618 2848 9761 7909 4822 7316 9354 4833 4652 1335 5022 9384 
27 5772 4483 6976 2909 1659 5390 7000 2298 1426 5385 5741 3262 6843 1676 4437 5122 7363 8792 258 481 7987 1622 7823 1887 7887 106 9418 
28 8605 6767 7544 6501 7598 8265 6630 347 2887 5126 6045 9544 6678 2445 9574 6979 8221 109 165 9876 7587 6853 9936 5305 1648 9139 2769 9843 
28 4511 8251 3579 1521 5744 7762 7977 8643 2982 3332 4740 8906 6166 1553 1882 9874 305 1624 1772 8932 5328 2160 3604 239 7358 6389 746 280 
31 766 7437 9713 5952 5673 1203 9246 9715 3358 3306 1794 7616 8686 755 8382 3071 9907 5860 4011 2542 8333 4724 8715 948 6396 6901 4739 5667 1126 5730 3307 
24 9444 1287 6015 370 6055 3496 6364 4284 6600 5218 9039 3138 1480 1856 3177 3671 5360 5459 2155 9064 8019 5607 649 6712 
31 7322 1360 662 2734 8074 3174 1635 6036 4186 4373 7361 2304 666 4 9172 4485 2343 3238 7199 9477 5587 6872 4909 3584 6184 8655 1638 1727 1053 5889 8649 
29 5127 5358 288 1066 3295 7764 3087 8766 8310 918 4694 5104 6477 7592 6940 6019 6405 3553 5142 925 3333 1641 273 5184 3264 5017 8690 3807 1013 
27 5408 6944 5559 6315 9137 8229 422 1651 4430 7172 6623 4409 7551 9741 9631 4493 2348 8395 5577 3716 6116 4337 4990 5547 15 9270 393 
28 1895 3521 1600 5545 2001 1946 8017 1133 6382 9989 1251 6761 2035 5090 2180 4894 8090 4289 9593 9954 842 7212 1348 382 8151 200 470 983 
29 7937 4412 3623 4992 7961 2449 5343 6735 2455 2198 6291 298 6854 2096 8632 8604 3690 8362 1828 8891 8223 7867 7704 7311 674 5422 2157 7107 5895 
29 7318 8902 6548 6807 512 6009 2004 677 5854 8567 5732 3961 1461 3120 6736 7247 8103 9925 5603 8943 9539 4308 9571 6133 1211 2834 5419 1874 714 
31 3151 9436 9453 5780 9068 256 770 1769 5472 9706 7082 605 2594 9553 6262 9649 3884 198 1359 2601 2168 224 3735 872 3459 1756 3202 1919 3630 8573 57 
24 9379 4956 3494 5182 8920 3301 267 4898 9754 5908 4952 7421 928 9818 6471 104 1580 9758 2762 8408 5756 4214 3971 6880 
25 4138 5539 1820 6902 2385 6485 6157 4819 3651 9290 4575 3107 3236 9929 7324 3015 7835 8238 5378 6474 5992 9063 7474 3287 4473 
25 3640 9830 4098 6158 6632 2239 5776 1100 4037 6754 358 9130 2029 2281 7279 5990 2921 7262 5054 1906 5187 6837 5092 3175 3925 
25 4288 940 2609 6890 6034 1625 5196 8373 9394 7562 4571 3001 1519 9521 7677 8045 69 817 4917 3286 5548 2825 2042 5087 1162 
29 642 5597 8298 569 6626 4782 7901 7113 7188 4256 8525 3543 9299 4628 187 6904 8877 3597 3154 8539 5719 6120 7558 5405 579 9526 8129 2618 2477 
28 8254 3974 8154 2257 8094 5809 9676 2395 7373 9680 3072 8529 8781 2690 5439 6814 1187 9405 8316 7018 4627 2092 8554 509 3385 5791 8514 5088 
28 4410 8991 5096 6194 3201 2620 3255 6570 8551 836 4416 9067 8187 973 3998 1657 9962 6171 9 8474 1514 8473 8903 2018 556 3768 4705 7525 
29 9401 290 9094 3537 4388 7641 9573 4367 8887 8513 2777 4743 7722 8730 3776 1084 9928 4702 1499 3501 7971 7792 7796 6665 5839 9877 1999 6786 1429 
29 9437 1687 2846 2760 5351 8157 6109 8678 514 1451 5693 1059 37 917 7125 4548 4133 7827 36 4789 891 4957 3839 5165 4332 1975 3245 3206 3050 
24 2819 9851 5033 8947 9528 2396 8393 5188 5173 278 835 197 9939 8018 1655 4075 7737 6738 6776 9564 2267 6718 9319 5757 
30 2979 3173 2964 297 9614 2641 4320 8122 4101 8698 1238 2902 1621 9055 4629 2339 3321 1132 4162 229 3582 1446 8237 9150 3678 3966 9523 7900 8477 6720 
25 7845 5098 4279 5440 8218 2397 8371 2499 1897 7657 142 5650 8603 1491 4057 932 1173 6928 1163 4480 7597 4235 7184 9026 3568 
28 6443 5335 9069 6304 9240 2981 8885 708 9606 6589 268 5850 7606 8200 9112 9795 6425 3153 3451 6259 9776 8941 4062 7732 1223 2856 2832 2254 
28 110 5141 7500 6440 6062 2475 4516 6592 8259 191 1969 3565 4035 8756 2546 2354 6132 9102 4913 905 1467 6842 6252 5519 6220 8385 8361 7096 
25 9347 4921 4484 916 4580 1402 261 3 5538 5583 2279 5892 3614 3217 9346 1918 693 9263 2961 4531 9902 5505 8299 2761 2381 
26 1771 2251 9300 9307 7225 2371 4954 5116 5700 4514 7994 8205 1606 9328 5778 6909 4118 3031 2161 7152 8749 6489 6007 6020 1289 3223 
28 5217 1819 2422 181 4929 3642 8062 9658 1944 9740 410 6119 5985 2895 6454 934 2975 8576 5770 3453 1713 8231 597 8148 8079 2292 8882 2446 
31 2935 957 2789 6135 5413 5397 9707 4494 186 756 9492 4384 336 6134 2016 7051 8580 1383 5271 4019 2802 1208 2711 3801 2719 3013 5682 4593 7159 6455 7534 
24 1934 7985 9764 1623 8168 1696 4940 8652 4169 8143 5591 9097 1127 433 1317 4824 3800 763 3091 7239 9043 999 2192 2905 
31 3751 3719 2206 7420 7245 5837 9211 1925 9016 660 4881 1977 2362 3458 1995 8521 8330 4270 7645 8156 8056 7411 1236 2062 5646 1265 8640 3901 3932 8462 1701 
29 1864 6182 3320 7855 9242 7466 4193 3734 7955 5166 5345 5601 4248 5359 6845 2770 1792 3122 3135 6480 6781 6078 5349 2319 5662 1812 4230 9065 2701 
28 5978 9666 4624 435 3578 5953 54 6097 7458 9078 4872 1086 2002 2720 7288 5312 1399 3478 7135 1612 9123 537 8847 8152 1490 5313 8653 6737 
29 6106 1430 5865 6312 5768 3943 6755 8750 4654 2533 9101 3464 9623 5962 729 4163 6654 5015 1539 9009 5722 3113 1307 1952 4194 9675 6094 2865 173 
24 6641 8734 4709 8981 6310 8714 9029 7083 1010 8300 6927 439 5830 4347 2414 9828 4266 1274 5637 2602 9305 8816 4372 4686 
24 4906 9040 9777 1920 1716 6319 7227 7020 35 6512 2665 9285 6557 2878 5966 7070 6030 1547 437 3347 8098 7563 5685 4417 
29 4274 7512 8219 9038 984 6797 4995 3916 495 9135 4585 8410 5506 2564 1346 2123 3634 5914 6516 9364 6956 9193 9156 9311 2181 7570 6378 3083 1762 
30 6447 7968 3146 2774 9163 9326 604 4880 9470 4123 1450 1924 3487 8050 6196 489 5544 2509 8980 9462 5078 2580 7109 4045 8443 6905 5081 367 4048 7548 
26 5077 5554 1559 4231 1331 1401 6188 7078 6838 5924 7234 8502 1550 8082 4421 2750 4924 4868 7506 4034 6151 7033 1599 2512 1269 456 
30 2404 1518 5292 1899 9663 6725 6645 7394 8719 617 6071 3926 7514 9916 8814 530 1586 9906 2746 5333 5909 9020 5398 2228 9338 1280 5575 4117 9731 6043 
30 272 4804 4209 4566 5965 8905 5671 6368 9116 652 5046 2863 868 5946 972 3143 8676 6271 4796 440 7034 1789 1994 2782 7716 2316 9964 9106 7341 7441 
27 6934 2972 1323 6332 6256 373 263 7839 5626 1834 9316 4774 4178 5767 2338 8425 3885 8836 5135 6505 8222 8622 430 1664 3758 6800 2045 
31 8117 6122 1222 4226 2804 9199 5858 3180 4102 6790 8928 5617 12 1510 4212 4900 7062 1601 18 6010 7643 4735 428 1483 3242 5528 3883 2184 7991 9729 4453 
27 7929 5241 9138 9244 3199 8680 4661 5437 1556 1 5083 8505 3806 2211 4126 5784 3336 7743 8059 3045 5789 5426 3234 2073 8096 4155 5453 
30 3774 7290 9604 7422 9234 2704 1830 9104 5605 7055 727 3003 5245 854 6603 4545 352 9514 2698 6355 4606 762 6308 5273 3595 4642 3519 4068 3027 4000 
26 9447 3162 5401 8295 7882 341 1041 3439 7489 7133 5322 4344 9012 8087 1673 9028 5582 3492 9620 9965 3645 2030 5139 6004 9088 8433 
24 5064 1854 3437 623 4207 380 1614 7240 4043 5676 544 7138 939 4031 4204 6558 6297 6546 1520 3111 7416 2955 5956 1121 
25 9585 8590 5303 506 1914 7028 7652 5206 830 4472 7195 381 2978 6150 7944 3898 9534 5901 7073 5808 6859 5961 822 6328 1294 
25 8578 9224 2870 3862 8046 9015 1649 4166 9276 1102 1715 5935 6354 4619 6439 3847 7708 5283 8066 7280 4745 8104 3048 9942 3513 
29 7696 4315 7761 3159 6819 5201 4560 909 3840 9723 8479 2775 5455 3540 2053 1634 1889 5387 7725 6745 7333 5213 3767 7008 3819 1627 6172 9096 6758 
25 7071 7613 2026 7741 5848 7523 7106 7231 8883 1439 8753 6730 9597 8797 1778 5627 7393 1770 7229 1129 6261 3986 9124 7137 1610 
26 4679 4097 2093 5694 9833 331 1090 6650 9931 8153 4290 5063 4935 1660 61 1736 8738 9546 3183 4711 8051 9688 9774 5975 2117 9041 
31 5557 1557 478 778 5183 4708 379 3075 7649 4467 6690 2989 8085 5450 1089 3910 4078 9188 2628 5470 4525 4179 8029 5392 8013 6041 6488 8702 43 8204 2663 
27 7945 4726 4766 6270 4442 1761 2567 4878 2347 9456 6441 9153 3545 4746 8322 3038 3963 6236 3994 5641 9349 3919 9792 7295 3937 5004 4465 
31 4025 6006 9215 8511 1742 4836 4751 9125 566 5252 9941 1885 5375 4914 4145 2669 9700 8195 1527 2980 3699 7869 2715 3736 1063 2195 7174 5989 1040 7077 1153 
29 5801 6822 5367 8006 2744 1750 1169 6865 7676 6255 8807 3987 3843 8484 6601 9370 6411 5618 5134 7334 8592 9598 6809 2372 3394 8512 8654 4303 7493 
31 6924 867 6375 7623 5118 155 3426 8938 6444 4423 3717 743 2755 2412 6724 3009 1592 8060 4701 8909 1563 3064 899 4841 9778 749 6202 1366 4530 4958 5203 
27 701 852 2743 7168 6768 8696 3034 7498 5656 3665 8243 1620 8968 5146 1134 8261 1552 3739 2469 7859 3221 7297 2634 7586 1149 3352 2428 
24 303 8627 5209 9644 1322 8422 7414 9669 7041 2350 5371 4599 4146 2215 5089 4201 6195 5117 3294 8469 6893 4820 252 6258 
28 2468 5361 9045 2873 5695 5707 8313 8207 5075 9835 8861 2329 8233 9363 9820 3292 8403 3303 5095 3756 7615 4237 4539 4519 6709 5979 7384 8040 
30 3804 9958 8138 184 858 3575 5316 8520 7205 903 199 4253 9826 4463 3406 3688 6174 1603 1879 8892 8849 9277 4134 4350 8099 8280 8939 1767 2416 4756 
27 8629 4559 5287 8411 9351 7957 3460 7213 9603 8765 5323 6457 1968 3931 7553 8745 2536 850 176 5475 8135 3097 801 5509 7782 3160 8337 
29 1721 3761 5487 2219 5670 6127 7487 738 4786 4544 9422 992 3346 3070 7509 6520 2406 8651 1707 7114 8427 774 6988 1293 9498 3418 1156 686 7918 
27 8288 945 861 248 9497 9228 3574 7067 7346 7193 5389 8339 2105 6403 3340 9995 4877 3081 7401 2351 7315 8658 792 1049 1094 6242 5281 
27 9048 5169 6898 5415 1989 5565 7829 1005 2518 8992 6744 6937 4598 3999 9681 3484 8324 7818 5851 8564 2138 7533 5026 8963 9878 3938 9103 
27 1209 2956 9010 5125 2949 8063 3685 5800 4904 211 6142 316 2103 7992 827 1310 3611 7903 9001 7749 3960 9654 9278 4533 5356 6900 3004 
31 2293 3511 6362 1479 4608 3704 8146 7415 9816 9963 2553 6664 9937 9479 436 5781 2821 3887 4447 8660 6812 7117 6461 4077 7819 4955 1947 4159 4896 2852 9506 
29 2374 7711 7842 2551 7410 4343 6438 9344 6333 2326 5044 8752 6530 1766 8174 2592 2380 7813 3683 1611 4592 1844 6344 9751 4104 5546 6528 3602 780 
29 8917 6118 7884 1072 4404 1339 5766 3402 5566 4084 4704 534 1891 7293 9844 2036 659 5432 122 6392 1633 2410 7825 6663 889 9996 8550 9033 2000 
27 5715 6640 3103 873 7515 312 1338 2046 7326 4144 6143 3515 3904 1916 8907 3822 2084 2747 5469 4937 3456 3028 947 3316 9449 1986 3372 
24 8478 8476 2595 8510 2233 7396 9187 7797 6595 9410 4282 6193 8848 949 7768 2790 990 5041 8414 7980 7175 2893 4801 9657 
31 8136 5050 6313 3018 7742 5034 4461 1275 6716 4683 6330 2842 5460 5680 2196 4920 7088 4509 2883 876 8993 2552 6539 4474 6240 6515 4239 9411 4506 425 6714 
31 7713 4781 2661 2104 5080 2881 1194 2607 6048 5825 1052 4455 5348 8625 4911 9499 1740 5235 6509 8985 8171 4092 6096 8432 23 2070 442 4294 3226 2437 1363 
24 5752 4065 7306 415 3192 921 6394 6487 9943 4177 4081 3548 8852 9289 6205 5336 3313 1505 2830 7471 6436 1329 1440 7455 
24 4816 4171 5927 2593 4208 7197 6281 4087 6881 7566 9857 9471 4187 8292 3109 6951 7307 5971 1538 233 7997 654 7970 9537 
24 9031 8894 7746 9243 7397 8910 2247 8865 3205 5684 6542 8841 194 4335 2139 6406 4720 3892 2302 100 8407 913 7816 2916 
26 4973 6866 6945 6017 3547 9174 8585 3468 6935 8742 8837 1522 4334 4632 7747 6657 6585 9757 8244 494 3677 560 4172 9665 6060 9206 
30 343 1826 3089 3224 1087 1996 7575 704 1167 4090 2837 9105 4713 823 7479 4558 4948 6545 3110 5275 3650 875 9428 8398 2187 1315 8347 1423 7639 8523 
30 768 4070 4154 4844 5474 4229 8823 2332 8839 2545 3391 682 6868 3627 5189 751 6155 8014 3653 4779 2028 44 7877 3271 995 8958 4569 3918 9796 2685 
27 5065 5296 4690 6052 3099 3208 3259 6672 6684 3319 8282 1705 6465 2199 594 8447 5384 1647 1674 5805 7211 8535 6629 1685 4715 5221 5555 
29 5019 5981 3314 9865 3360 9838 4615 3777 6840 9258 4830 5888 7254 3661 9484 1984 4951 3512 8354 5297 4004 8728 7362 4173 2936 8397 618 5449 8526 
25 6541 595 1403 1171 2050 4601 2630 5365 9852 6697 9004 81 5919 3373 3712 8944 3628 2324 9730 3042 3268 8327 3654 3256 4537 
27 3682 5925 2126 9445 6021 9590 1730 7801 2178 2717 6639 3959 9306 4371 5786 7581 7098 8988 2119 6680 8665 513 9331 7907 4829 7990 7271 
24 5062 6247 2911 4250 9823 4295 5937 7035 6983 167 8599 3889 1154 4991 2788 6965 2314 3499 72 9423 1345 4403 8846 8126 
31 9255 4799 2098 4949 7419 6318 8994 3666 7015 5532 4160 4127 7583 8055 2327 2569 7299 5418 4747 3586 549 2947 3140 7634 7374 3257 6153 6903 9896 6395 5347 
25 1148 9682 7025 3982 7910 5763 1646 6826 5093 8376 7802 5923 306 8951 7951 6780 270 7145 5233 7472 9910 3559 977 1277 4413 
30 6876 1332 707 1146 9247 4950 4671 8305 3165 4583 7006 2212 2928 1711 9545 615 3872 9686 8025 4633 631 7885 3182 1116 829 3431 5262 9766 4328 1466 
27 8657 2904 4945 4604 847 5727 353 3908 2901 4298 3429 2438 3252 6495 1255 776 6452 3112 7185 9291 5270 3312 3334 7327 4255 6145 8297 
26 8853 7724 2430 9813 4783 4085 2816 650 3342 627 5869 6802 1824 3989 3477 5076 3290 4086 3591 6751 4203 8213 3338 3116 7372 4262 
28 5572 6913 4753 8561 699 6591 967 9237 7542 3466 7916 401 6567 480 7935 6154 4436 8041 6887 4972 4964 8747 3030 9092 5396 4693 8761 9141 
31 5037 6649 6260 6386 3349 7808 1805 5330 7614 5823 9178 8160 2089 6552 3533 7046 7452 9674 2925 8741 6762 3415 9317 9636 1406 8735 7851 9262 8009 5883 8495 
24 4435 5753 4723 1734 3229 3124 6828 3554 7151 4333 5945 723 9154 3558 759 3869 4054 2064 5824 7132 7417 2076 7395 4969 
28 6077 5219 1394 5907 5976 2605 150 8031 1256 5170 6700 7752 9696 7778 9465 7241 6964 3133 4281 6701 1795 5930 6414 7846 8805 3014 8413 5847 
25 5755 9406 8005 9932 4523 3826 5430 5841 9098 6997 1496 5339 7418 6830 7619 6136 4224 5645 9302 7604 9264 6257 3044 8888 7648 
25 2487 6597 7255 3129 3008 1755 2550 7693 8755 9109 5164 637 472 3830 9584 7319 6987 2970 8867 6221 5790 8369 887 7075 5880 
26 6911 9253 9533 4379 7593 3816 9353 8130 4842 1837 965 4377 6187 7123 9008 2435 9129 3440 2988 5723 7636 1706 6619 6932 8353 450 
26 8589 2840 9953 882 2671 6847 9007 7178 2121 2044 4273 9448 7323 2639 5010 8497 7230 5733 5911 5074 8228 5807 8145 4158 7367 8500 
30 7529 8036 8783 7103 71 8563 5849 1271 3194 8868 5785 6002 1513 614 941 7779 7753 4968 9679 4143 2898 4013 6703 9969 8960 8720 4151 657 3953 8140 
24 7800 139 2619 6620 7694 3842 6679 4811 8002 3403 8314 4323 7481 5435 3369 963 7904 897 4213 877 4787 2113 4858 3102 
29 832 6042 929 5747 5698 1823 5298 3915 1017 3150 9554 26 474 3144 7585 8061 3831 5879 7683 5417 9179 4504 4287 6788 4978 4431 3619 7060 6549 
28 2635 5877 5302 6888 4198 9742 7182 4521 2 5372 6298 709 6883 7328 7748 3863 3655 3163 2820 2841 8399 790 1564 1865 4587 4838 8132 7908 
28 4589 6524 9501 7402 8606 6276 8972 3638 1672 5899 1157 5005 7353 3917 7167 4115 8481 3705 6179 7628 2079 9602 2660 1666 5504 8874 1528 41 
31 2800 4776 3783 40 4252 7790 1158 2849 1465 8986 3874 5838 9413 5870 6267 6770 5754 8967 8559 8775 6523 1002 2269 8840 7673 6772 5498 9667 8235 1131 8607 
26 3681 8546 396 962 7758 3384 6577 9288 7269 4734 3613 1930 8795 4488 6026 5051 7714 6959 5918 685 5082 1384 1459 6820 2108 4625 
25 9961 4242 4578 3059 1352 6816 6864 9056 7198 335 3023 7490 9709 8448 8897 9159 5132 4710 6093 7820 2920 8806 4760 4088 2986 
27 4130 9837 1670 1285 497 7865 7651 6693 1306 6377 2400 5724 3033 3856 6670 914 8189 7252 4458 2993 3010 2780 3743 6942 6535 3563 3240 
26 7476 9333 7996 8955 7209 6285 6658 1878 7206 3899 1230 5663 5200 6833 8111 5511 7603 8824 7721 578 4156 3093 7956 3745 1639 9904 
28 9772 4426 3491 5177 7433 9548 3095 7637 9171 228 7986 2462 6445 9824 9900 7998 8008 3299 9566 6302 332 5464 4137 2657 2857 3945 9801 5342 
24 5777 9600 4040 3726 5306 4808 3258 5803 8093 6729 866 204 2305 8645 4108 5928 8957 838 3355 9430 9054 7864 5982 1822 
25 5552 7049 9782 5584 6128 5021 3752 5799 1894 8442 7459 9062 4181 6012 1866 5056 7072 8515 8086 3609 2773 9205 6426 8975 8184 
29 3993 5960 2136 9697 6418 5012 8286 7972 6324 7728 3080 4584 5284 1726 1288 7238 3069 5476 8721 1021 4411 7081 7154 5761 559 8167 5380 1835 4611 
27 4700 2560 3401 5859 9378 8368 2472 9301 7405 7849 8668 9634 7483 5040 8965 5861 217 3697 4572 5068 1861 4967 3420 2355 6764 5266 8340 
28 8555 206 8378 148 4450 1024 6341 4916 4033 8028 7771 3848 7236 9066 8405 5304 1325 5484 9482 1035 4573 9454 4312 6855 4095 115 9845 6451 
30 8838 6553 2248 3729 4491 1786 9396 8426 6064 7449 6159 8767 7963 9429 5215 2268 482 3980 9725 6384 6513 9793 9880 6352 7037 9591 1022 5592 7543 8144 
